#======================================================
#
# Synopsys Synthesis Scripts (Design Vision dctcl mode)
#
#======================================================
#======================================================
# (A) Global Parameters
#======================================================
set DESIGN "CONV_TOP"
CONV_TOP
set SYNCHRONIZER "NDFF_syn"
NDFF_syn
set CYCLE1 47.1
47.1
set CYCLE2 10.1
10.1
set INPUT_DLY [expr 0.5*$CYCLE1]
23.55
set OUTPUT_DLY [expr 0.5*$CYCLE1]
23.55
#======================================================
# (B) Read RTL Code
#======================================================
# (B-1) analyze + elaborate
set hdlin_auto_save_templates TRUE
TRUE
analyze -f sverilog $SYNCHRONIZER\.v 
Running PRESTO HDLC
Compiling source file ../01_RTL/synchronizer/NDFF_syn.v
Presto compilation completed successfully.
Loading db file '/RAID2/COURSE/iclab/iclabTA01/UMC018_CBDK/CIC/SynopsysDC/db/fsa0m_a_generic_core_ss1p62v125c.db'
Loading db file '/RAID2/COURSE/iclab/iclab055/Lab07/Exercise/04_MEM/DUAL_64X8X1BM1_WC.db'
Loading db file '/usr/cad/synopsys/synthesis/cur/libraries/syn/dw_foundation.sldb'
Loading db file '/usr/cad/synopsys/synthesis/cur/libraries/syn/standard.sldb'
1
elaborate $SYNCHRONIZER  
Loading db file '/usr/cad/synopsys/synthesis/2022.03/libraries/syn/gtech.db'
Loading db file '/usr/cad/synopsys/synthesis/2022.03/libraries/syn/standard.sldb'
  Loading link library 'fsa0m_a_generic_core_ss1p62v125c'
  Loading link library 'DUAL_64X8X1BM1_WC'
  Loading link library 'gtech'
Running PRESTO HDLC

Inferred memory devices in process
        in routine NDFF_syn line 13 in file
                '../01_RTL/synchronizer/NDFF_syn.v'.
===============================================================================
|    Register Name    |   Type    | Width | Bus | MB | AR | AS | SR | SS | ST |
===============================================================================
|       A1_reg        | Flip-flop |   1   |  N  | N  | Y  | N  | N  | N  | N  |
===============================================================================

Inferred memory devices in process
        in routine NDFF_syn line 21 in file
                '../01_RTL/synchronizer/NDFF_syn.v'.
===============================================================================
|    Register Name    |   Type    | Width | Bus | MB | AR | AS | SR | SS | ST |
===============================================================================
|       A2_reg        | Flip-flop |   1   |  N  | N  | Y  | N  | N  | N  | N  |
===============================================================================
Presto compilation completed successfully. (NDFF_syn)
Elaborated 1 design.
Current design is now 'NDFF_syn'.
1
analyze -f sverilog $DESIGN\.v 
Running PRESTO HDLC
Compiling source file ../01_RTL/CONV_TOP.v
Opening include file ../01_RTL/DESIGN_module.v
Opening include file ../01_RTL/synchronizer/Handshake_syn.v
Opening include file ../01_RTL/synchronizer/FIFO_syn.v
Opening include file ../01_RTL/synchronizer/NDFF_syn.v
Opening include file ../01_RTL/synchronizer/NDFF_BUS_syn.v
Presto compilation completed successfully.
1
elaborate $DESIGN  
Running PRESTO HDLC
Presto compilation completed successfully. (CONV_TOP)
Elaborated 1 design.
Current design is now 'CONV_TOP'.
Information: Building the design 'CLK_1_MODULE'. (HDL-193)

Inferred memory devices in process
        in routine CLK_1_MODULE line 70 in file
                '../01_RTL/DESIGN_module.v'.
===============================================================================
|    Register Name    |   Type    | Width | Bus | MB | AR | AS | SR | SS | ST |
===============================================================================
|    in_buffer_reg    | Flip-flop |  150  |  Y  | N  | N  | N  | N  | N  | N  |
===============================================================================

Inferred memory devices in process
        in routine CLK_1_MODULE line 77 in file
                '../01_RTL/DESIGN_module.v'.
===============================================================================
|    Register Name    |   Type    | Width | Bus | MB | AR | AS | SR | SS | ST |
===============================================================================
|    in_count_reg     | Flip-flop |   3   |  Y  | N  | Y  | N  | N  | N  | N  |
===============================================================================

Inferred memory devices in process
        in routine CLK_1_MODULE line 89 in file
                '../01_RTL/DESIGN_module.v'.
===============================================================================
|    Register Name    |   Type    | Width | Bus | MB | AR | AS | SR | SS | ST |
===============================================================================
|    out_count_reg    | Flip-flop |   3   |  Y  | N  | Y  | N  | N  | N  | N  |
===============================================================================

Inferred memory devices in process
        in routine CLK_1_MODULE line 102 in file
                '../01_RTL/DESIGN_module.v'.
===============================================================================
|    Register Name    |   Type    | Width | Bus | MB | AR | AS | SR | SS | ST |
===============================================================================
|  handshake_din_reg  | Flip-flop |  30   |  Y  | N  | N  | N  | N  | N  | N  |
===============================================================================

Inferred memory devices in process
        in routine CLK_1_MODULE line 111 in file
                '../01_RTL/DESIGN_module.v'.
===============================================================================
|    Register Name    |   Type    | Width | Bus | MB | AR | AS | SR | SS | ST |
===============================================================================
| fifo_empty_reg2_reg | Flip-flop |   1   |  N  | N  | N  | Y  | N  | N  | N  |
| fifo_empty_reg1_reg | Flip-flop |   1   |  N  | N  | N  | Y  | N  | N  | N  |
===============================================================================
Presto compilation completed successfully. (CLK_1_MODULE)
Information: Building the design 'Handshake_syn' instantiated from design 'CONV_TOP' with
        the parameters "30". (HDL-193)

Inferred memory devices in process
        in routine Handshake_syn_WIDTH30 line 48 in file
                '../01_RTL/synchronizer/Handshake_syn.v'.
===============================================================================
|    Register Name    |   Type    | Width | Bus | MB | AR | AS | SR | SS | ST |
===============================================================================
|      sreq_reg       | Flip-flop |   1   |  N  | N  | Y  | N  | N  | N  | N  |
===============================================================================

Inferred memory devices in process
        in routine Handshake_syn_WIDTH30 line 63 in file
                '../01_RTL/synchronizer/Handshake_syn.v'.
===============================================================================
|    Register Name    |   Type    | Width | Bus | MB | AR | AS | SR | SS | ST |
===============================================================================
|      dack_reg       | Flip-flop |   1   |  N  | N  | Y  | N  | N  | N  | N  |
===============================================================================

Inferred memory devices in process
        in routine Handshake_syn_WIDTH30 line 78 in file
                '../01_RTL/synchronizer/Handshake_syn.v'.
===============================================================================
|    Register Name    |   Type    | Width | Bus | MB | AR | AS | SR | SS | ST |
===============================================================================
|     dvalid_reg      | Flip-flop |   1   |  N  | N  | Y  | N  | N  | N  | N  |
===============================================================================

Inferred memory devices in process
        in routine Handshake_syn_WIDTH30 line 90 in file
                '../01_RTL/synchronizer/Handshake_syn.v'.
===============================================================================
|    Register Name    |   Type    | Width | Bus | MB | AR | AS | SR | SS | ST |
===============================================================================
|      dout_reg       | Flip-flop |  30   |  Y  | N  | Y  | N  | N  | N  | N  |
===============================================================================
Presto compilation completed successfully. (Handshake_syn_WIDTH30)
Information: Building the design 'CLK_2_MODULE'. (HDL-193)

Inferred memory devices in process
        in routine CLK_2_MODULE line 218 in file
                '../01_RTL/DESIGN_module.v'.
===============================================================================
|    Register Name    |   Type    | Width | Bus | MB | AR | AS | SR | SS | ST |
===============================================================================
|    ifmap_reg_reg    | Flip-flop |  108  |  Y  | N  | N  | N  | N  | N  | N  |
|   kernel_reg_reg    | Flip-flop |  72   |  Y  | N  | N  | N  | N  | N  | N  |
===============================================================================

Inferred memory devices in process
        in routine CLK_2_MODULE line 233 in file
                '../01_RTL/DESIGN_module.v'.
===============================================================================
|    Register Name    |   Type    | Width | Bus | MB | AR | AS | SR | SS | ST |
===============================================================================
|  in_valid_reg_reg   | Flip-flop |   1   |  N  | N  | Y  | N  | N  | N  | N  |
===============================================================================

Inferred memory devices in process
        in routine CLK_2_MODULE line 243 in file
                '../01_RTL/DESIGN_module.v'.
===============================================================================
|    Register Name    |   Type    | Width | Bus | MB | AR | AS | SR | SS | ST |
===============================================================================
|      busy_reg       | Flip-flop |   1   |  N  | N  | Y  | N  | N  | N  | N  |
===============================================================================

Inferred memory devices in process
        in routine CLK_2_MODULE line 271 in file
                '../01_RTL/DESIGN_module.v'.
===============================================================================
|    Register Name    |   Type    | Width | Bus | MB | AR | AS | SR | SS | ST |
===============================================================================
|    in_count_reg     | Flip-flop |   3   |  Y  | N  | Y  | N  | N  | N  | N  |
===============================================================================

Inferred memory devices in process
        in routine CLK_2_MODULE line 286 in file
                '../01_RTL/DESIGN_module.v'.
===============================================================================
|    Register Name    |   Type    | Width | Bus | MB | AR | AS | SR | SS | ST |
===============================================================================
|    out_count_reg    | Flip-flop |   8   |  Y  | N  | Y  | N  | N  | N  | N  |
===============================================================================

Inferred memory devices in process
        in routine CLK_2_MODULE line 299 in file
                '../01_RTL/DESIGN_module.v'.
===============================================================================
|    Register Name    |   Type    | Width | Bus | MB | AR | AS | SR | SS | ST |
===============================================================================
|     ifmap_x_reg     | Flip-flop |   3   |  Y  | N  | Y  | N  | N  | N  | N  |
===============================================================================

Inferred memory devices in process
        in routine CLK_2_MODULE line 314 in file
                '../01_RTL/DESIGN_module.v'.
===============================================================================
|    Register Name    |   Type    | Width | Bus | MB | AR | AS | SR | SS | ST |
===============================================================================
|     ifmap_y_reg     | Flip-flop |   3   |  Y  | N  | Y  | N  | N  | N  | N  |
===============================================================================

Inferred memory devices in process
        in routine CLK_2_MODULE line 329 in file
                '../01_RTL/DESIGN_module.v'.
===============================================================================
|    Register Name    |   Type    | Width | Bus | MB | AR | AS | SR | SS | ST |
===============================================================================
|   kernel_idx_reg    | Flip-flop |   3   |  Y  | N  | Y  | N  | N  | N  | N  |
===============================================================================

Inferred memory devices in process
        in routine CLK_2_MODULE line 345 in file
                '../01_RTL/DESIGN_module.v'.
===============================================================================
|    Register Name    |   Type    | Width | Bus | MB | AR | AS | SR | SS | ST |
===============================================================================
|   acc_count_x_reg   | Flip-flop |   1   |  N  | N  | Y  | N  | N  | N  | N  |
===============================================================================

Inferred memory devices in process
        in routine CLK_2_MODULE line 357 in file
                '../01_RTL/DESIGN_module.v'.
===============================================================================
|    Register Name    |   Type    | Width | Bus | MB | AR | AS | SR | SS | ST |
===============================================================================
|   acc_count_y_reg   | Flip-flop |   1   |  N  | N  | Y  | N  | N  | N  | N  |
===============================================================================

Inferred memory devices in process
        in routine CLK_2_MODULE line 370 in file
                '../01_RTL/DESIGN_module.v'.
===============================================================================
|    Register Name    |   Type    | Width | Bus | MB | AR | AS | SR | SS | ST |
===============================================================================
|    psum_reg_reg     | Flip-flop |   8   |  Y  | N  | N  | N  | N  | N  | N  |
===============================================================================
Statistics for MUX_OPs
======================================================
| block name/line  | Inputs | Outputs | # sel inputs |
======================================================
| CLK_2_MODULE/198 |   4    |   18    |      2       |
======================================================
Presto compilation completed successfully. (CLK_2_MODULE)
Information: Building the design 'FIFO_syn' instantiated from design 'CONV_TOP' with
        the parameters "WIDTH=8,WORDS=64". (HDL-193)

Inferred memory devices in process
        in routine FIFO_syn_WIDTH8_WORDS64 line 60 in file
                '../01_RTL/synchronizer/FIFO_syn.v'.
===============================================================================
|    Register Name    |   Type    | Width | Bus | MB | AR | AS | SR | SS | ST |
===============================================================================
|      rdata_reg      | Flip-flop |   8   |  Y  | N  | N  | N  | N  | N  | N  |
===============================================================================

Inferred memory devices in process
        in routine FIFO_syn_WIDTH8_WORDS64 line 64 in file
                '../01_RTL/synchronizer/FIFO_syn.v'.
===============================================================================
|    Register Name    |   Type    | Width | Bus | MB | AR | AS | SR | SS | ST |
===============================================================================
|  r_binary_reg_reg   | Flip-flop |   7   |  Y  | N  | Y  | N  | N  | N  | N  |
===============================================================================

Inferred memory devices in process
        in routine FIFO_syn_WIDTH8_WORDS64 line 73 in file
                '../01_RTL/synchronizer/FIFO_syn.v'.
===============================================================================
|    Register Name    |   Type    | Width | Bus | MB | AR | AS | SR | SS | ST |
===============================================================================
|  w_binary_reg_reg   | Flip-flop |   7   |  Y  | N  | Y  | N  | N  | N  | N  |
===============================================================================

Inferred memory devices in process
        in routine FIFO_syn_WIDTH8_WORDS64 line 82 in file
                '../01_RTL/synchronizer/FIFO_syn.v'.
===============================================================================
|    Register Name    |   Type    | Width | Bus | MB | AR | AS | SR | SS | ST |
===============================================================================
|      rptr_reg       | Flip-flop |   7   |  Y  | N  | Y  | N  | N  | N  | N  |
===============================================================================

Inferred memory devices in process
        in routine FIFO_syn_WIDTH8_WORDS64 line 91 in file
                '../01_RTL/synchronizer/FIFO_syn.v'.
===============================================================================
|    Register Name    |   Type    | Width | Bus | MB | AR | AS | SR | SS | ST |
===============================================================================
|      wptr_reg       | Flip-flop |   7   |  Y  | N  | Y  | N  | N  | N  | N  |
===============================================================================

Inferred memory devices in process
        in routine FIFO_syn_WIDTH8_WORDS64 line 100 in file
                '../01_RTL/synchronizer/FIFO_syn.v'.
===============================================================================
|    Register Name    |   Type    | Width | Bus | MB | AR | AS | SR | SS | ST |
===============================================================================
|     rempty_reg      | Flip-flop |   1   |  N  | N  | N  | Y  | N  | N  | N  |
===============================================================================

Inferred memory devices in process
        in routine FIFO_syn_WIDTH8_WORDS64 line 109 in file
                '../01_RTL/synchronizer/FIFO_syn.v'.
===============================================================================
|    Register Name    |   Type    | Width | Bus | MB | AR | AS | SR | SS | ST |
===============================================================================
|      wfull_reg      | Flip-flop |   1   |  N  | N  | Y  | N  | N  | N  | N  |
===============================================================================
Presto compilation completed successfully. (FIFO_syn_WIDTH8_WORDS64)
Information: Building the design 'NDFF_BUS_syn' instantiated from design 'FIFO_syn_WIDTH8_WORDS64' with
        the parameters "WIDTH=7". (HDL-193)
Presto compilation completed successfully. (NDFF_BUS_syn_WIDTH7)
1
# (B-2) read_sverilog
#read_sverilog $DESIGN\.v
# (B-3) set current design
current_design $SYNCHRONIZER
Current design is 'NDFF_syn'.
{NDFF_syn}
link

  Linking design 'NDFF_syn'
  Using the following designs and libraries:
  --------------------------------------------------------------------------
  * (7 designs)               /RAID2/COURSE/iclab/iclab055/Lab07/Exercise/02_SYN/NDFF_syn.db, etc
  fsa0m_a_generic_core_ss1p62v125c (library) /RAID2/COURSE/iclab/iclabTA01/UMC018_CBDK/CIC/SynopsysDC/db/fsa0m_a_generic_core_ss1p62v125c.db
  DUAL_64X8X1BM1_WC (library) /RAID2/COURSE/iclab/iclab055/Lab07/Exercise/04_MEM/DUAL_64X8X1BM1_WC.db
  dw_foundation.sldb (library) /usr/cad/synopsys/synthesis/cur/libraries/syn/dw_foundation.sldb

1
compile
Information: Checking out the license 'DesignWare'. (SEC-104)
Information: Evaluating DesignWare library utilization. (UISN-27)

============================================================================
| DesignWare Building Block Library  |         Version         | Available |
============================================================================
| Basic DW Building Blocks           | S-2021.06-DWBB_202106.0 |     *     |
| Licensed DW Building Blocks        | S-2021.06-DWBB_202106.0 |     *     |
============================================================================

====================================================================================================
| Flow Information                                                                                 |
----------------------------------------------------------------------------------------------------
| Flow         | Design Compiler NXT                                                               |
====================================================================================================
| Design Information                                      | Value                                  |
====================================================================================================
| Number of Scenarios                                     | 0                                      |
| Leaf Cell Count                                         | 3                                      |
| Number of User Hierarchies                              | 0                                      |
| Sequential Cell Count                                   | 2                                      |
| Macro Count                                             | 0                                      |
| Number of Power Domains                                 | 0                                      |
| Number of Path Groups                                   | 1                                      |
| Number of VT class                                      | 0                                      |
| Number of Clocks                                        | 0                                      |
| Number of Dont Touch cells                              | 0                                      |
| Number of Dont Touch nets                               | 0                                      |
| Number of size only cells                               | 0                                      |
| Design with UPF Data                                    | false                                  |
====================================================================================================


  Beginning Pass 1 Mapping
  ------------------------
  Processing 'NDFF_syn'

  Updating timing information
Information: Updating design information... (UID-85)
Information: Design 'NDFF_syn' has no optimization constraints set. (OPT-108)

  Beginning Mapping Optimizations  (Medium effort)
  -------------------------------

                                  TOTAL                                      
   ELAPSED            WORST NEG   SETUP    DESIGN                            
    TIME      AREA      SLACK     COST    RULE COST         ENDPOINT         
  --------- --------- --------- --------- --------- -------------------------
    0:00:01     118.7      0.00       0.0       0.0                          
    0:00:01     118.7      0.00       0.0       0.0                          
    0:00:01     118.7      0.00       0.0       0.0                          
    0:00:01     118.7      0.00       0.0       0.0                          
    0:00:01     118.7      0.00       0.0       0.0                          
    0:00:01     118.7      0.00       0.0       0.0                          
    0:00:01     118.7      0.00       0.0       0.0                          
    0:00:01     118.7      0.00       0.0       0.0                          
    0:00:01     118.7      0.00       0.0       0.0                          
    0:00:01     118.7      0.00       0.0       0.0                          
    0:00:01     118.7      0.00       0.0       0.0                          
    0:00:01     118.7      0.00       0.0       0.0                          



  Beginning Delay Optimization Phase
  ----------------------------------

                                  TOTAL                                      
   ELAPSED            WORST NEG   SETUP    DESIGN                            
    TIME      AREA      SLACK     COST    RULE COST         ENDPOINT         
  --------- --------- --------- --------- --------- -------------------------
    0:00:01     118.7      0.00       0.0       0.0                          
    0:00:01     118.7      0.00       0.0       0.0                          
    0:00:01     118.7      0.00       0.0       0.0                          


  Beginning Area-Recovery Phase  (cleanup)
  -----------------------------

                                  TOTAL                                      
   ELAPSED            WORST NEG   SETUP    DESIGN                            
    TIME      AREA      SLACK     COST    RULE COST         ENDPOINT         
  --------- --------- --------- --------- --------- -------------------------
    0:00:01     118.7      0.00       0.0       0.0                          
    0:00:01     118.7      0.00       0.0       0.0                          
    0:00:01     118.7      0.00       0.0       0.0                          
    0:00:01     118.7      0.00       0.0       0.0                          
    0:00:01     118.7      0.00       0.0       0.0                          
    0:00:01     118.7      0.00       0.0       0.0                          
    0:00:01     118.7      0.00       0.0       0.0                          
    0:00:01     118.7      0.00       0.0       0.0                          
    0:00:01     118.7      0.00       0.0       0.0                          
    0:00:01     118.7      0.00       0.0       0.0                          
    0:00:01     118.7      0.00       0.0       0.0                          
Loading db file '/RAID2/COURSE/iclab/iclabTA01/UMC018_CBDK/CIC/SynopsysDC/db/fsa0m_a_generic_core_ss1p62v125c.db'
Loading db file '/RAID2/COURSE/iclab/iclab055/Lab07/Exercise/04_MEM/DUAL_64X8X1BM1_WC.db'


Note: Symbol # after min delay cost means estimated hold TNS across all active scenarios 


  Optimization Complete
  ---------------------
1
set_dont_touch $SYNCHRONIZER
1
current_design $DESIGN
Current design is 'CONV_TOP'.
{CONV_TOP}
link

  Linking design 'CONV_TOP'
  Using the following designs and libraries:
  --------------------------------------------------------------------------
  * (7 designs)               /RAID2/COURSE/iclab/iclab055/Lab07/Exercise/02_SYN/CONV_TOP.db, etc
  fsa0m_a_generic_core_ss1p62v125c (library) /RAID2/COURSE/iclab/iclabTA01/UMC018_CBDK/CIC/SynopsysDC/db/fsa0m_a_generic_core_ss1p62v125c.db
  DUAL_64X8X1BM1_WC (library) /RAID2/COURSE/iclab/iclab055/Lab07/Exercise/04_MEM/DUAL_64X8X1BM1_WC.db
  dw_foundation.sldb (library) /usr/cad/synopsys/synthesis/cur/libraries/syn/dw_foundation.sldb

1
#======================================================
#  (C) Global Setting
#======================================================
set_wire_load_mode top
1
# set_operating_conditions -max WCCOM -min BCCOM
# set_wire_load_model -name umc18_wl10 -library slow
#======================================================
#  (D) Set Design Constraints
#======================================================
# (D-1) Setting Clock Constraints
create_clock -name clk1 -period $CYCLE1 [get_ports clk1] 
1
create_clock -name clk2 -period $CYCLE2 [get_ports clk2]
1
set_dont_touch_network             [all_clocks] 
1
set_fix_hold                       [all_clocks] 
1
set_clock_uncertainty       0.1    [all_clocks] 
1
# set_clock_latency   -source 0      [get_clocks clk]
# set_clock_latency           1      [get_clocks clk] 
set_input_transition        0.5    [all_inputs] 
1
set_clock_transition        0.1    [all_clocks] 
1
read_sdc $DESIGN\.sdc

Reading SDC version 2.1...
1
# (D-2) Setting in/out Constraints
set_input_delay   -max  $INPUT_DLY  -clock clk1   [all_inputs] ;  # set_up time check 
1
set_input_delay   -min  0           -clock clk1   [all_inputs] ;  # hold   time check 
1
set_output_delay  -max  $OUTPUT_DLY -clock clk1   [all_outputs] ; # set_up time check 
1
set_output_delay  -min  0           -clock clk1   [all_outputs] ; # hold   time check 
1
set_input_delay 0 -clock clk1 clk1
1
set_input_delay 0 -clock clk2 clk2
1
set_input_delay 0 -clock clk1 rst_n
1
#set_max_delay $CYCLE -from [all_inputs] -to [all_outputs]
# (D-3) Setting Design Environment
# set_driving_cell -library umc18io3v5v_slow -lib_cell P2C    -pin {Y}  [get_ports clk]
# set_driving_cell -library umc18io3v5v_slow -lib_cell P2C    -pin {Y}  [remove_from_collection [all_inputs] [get_ports clk]]
# set_load  [load_of "umc18io3v5v_slow/P8C/A"]       [all_outputs] ; # ~= 0.038
set_load 0.05 [all_outputs]
1
# (D-4) Setting DRC Constraint
#set_max_delay           0     ; # Optimize delay max effort                 
#set_max_area            0      ; # Optimize area max effort           
set_max_transition      3       [all_inputs]   ; # U18 LUT Max Transition Value  
1
set_max_capacitance     0.15    [all_inputs]   ; # U18 LUT Max Capacitance Value
1
set_max_fanout          10      [all_inputs]
1
# set_dont_use slow/JKFF*
#set_dont_touch [get_cells core_reg_macro]
#set hdlin_ff_always_sync_set_reset true
# (D-5) Report Clock skew
report_clock -skew clk1
Information: Changed wire load model for 'alt1' from '(none)' to 'G5K'. (OPT-170)
Information: Changed wire load model for 'apparch' from '(none)' to 'G5K'. (OPT-170)
Information: Updating design information... (UID-85)
Warning: Design 'CONV_TOP' contains 2 high-fanout nets. A fanout number of 1000 will be used for delay calculations involving these nets. (TIM-134)
 
****************************************
Report : clock_skew
Design : CONV_TOP
Version: T-2022.03
Date   : Fri Jan 10 14:13:33 2025
****************************************

                 Rise      Fall  Min Rise  Min fall        Uncertainty
Object          Delay     Delay     Delay     Delay     Plus      Minus
--------------------------------------------------------------------------------
clk1                -         -         -         -      0.10      0.10

                 Max Transition      Min Transition
Object           Rise      Fall      Rise      Fall
-------------------------------------------------------
clk1             0.10      0.10      0.10      0.10
1
report_clock -skew clk2
 
****************************************
Report : clock_skew
Design : CONV_TOP
Version: T-2022.03
Date   : Fri Jan 10 14:13:33 2025
****************************************

                 Rise      Fall  Min Rise  Min fall        Uncertainty
Object          Delay     Delay     Delay     Delay     Plus      Minus
--------------------------------------------------------------------------------
clk2                -         -         -         -      0.10      0.10

                 Max Transition      Min Transition
Object           Rise      Fall      Rise      Fall
-------------------------------------------------------
clk2             0.10      0.10      0.10      0.10
1
check_timing

Information: Checking generated_clocks...

Information: Checking loops...

Information: Checking no_input_delay...

Information: Checking unconstrained_endpoints...

Information: Checking pulse_clock_cell_type...

Information: Checking no_driving_cell...

Information: Checking partial_input_delay...
1
#======================================================
#  (E) Optimization
#======================================================
check_design > Report/$DESIGN\.check
set_fix_multiple_port_nets -all -buffer_constants [get_designs *]
1
set_fix_hold [all_clocks]
1
compile_ultra
Information: Performing power optimization. (PWR-850)
Analyzing: "/RAID2/COURSE/iclab/iclab055/Lab07/Exercise/04_MEM/DUAL_64X8X1BM1_WC.db"
Analyzing: "/RAID2/COURSE/iclab/iclabTA01/UMC018_CBDK/CIC/SynopsysDC/db/fsa0m_a_generic_core_ss1p62v125c.db"
Library analysis succeeded.
Information: Running optimization using a maximum of 8 cores. (OPT-1500)
====================================================================================================
| Flow Information                                                                                 |
----------------------------------------------------------------------------------------------------
| Flow         | Design Compiler NXT WLM                                                           |
| Comand line  | compile_ultra                                                                     |
====================================================================================================
| Design Information                                      | Value                                  |
====================================================================================================
| Number of Scenarios                                     | 0                                      |
| Leaf Cell Count                                         | 1128                                   |
| Number of User Hierarchies                              | 22                                     |
| Sequential Cell Count                                   | 504                                    |
| Macro Count                                             | 0                                      |
| Number of Power Domains                                 | 0                                      |
| Number of Path Groups                                   | 3                                      |
| Number of VT class                                      | 0                                      |
| Number of Clocks                                        | 2                                      |
| Number of Dont Touch cells                              | 156                                    |
| Number of Dont Touch nets                               | 90                                     |
| Number of size only cells                               | 0                                      |
| Design with UPF Data                                    | false                                  |
----------------------------------------------------------------------------------------------------
| Variables                                               | Value                                  |
----------------------------------------------------------------------------------------------------
| set_fix_multiple_port_nets                              | -all -buffer_constants                 |
====================================================================================================
Information: Sequential output inversion is enabled.  SVF file must be used for formal verification. (OPT-1208)

Information: There are 41 potential problems in your design. Please run 'check_design' for more information. (LINT-99)

Information: Uniquified 2 instances of design 'NDFF_BUS_syn_WIDTH7'. (OPT-1056)
  Simplifying Design 'CONV_TOP'

Loading db file '/RAID2/COURSE/iclab/iclabTA01/UMC018_CBDK/CIC/SynopsysDC/db/fsa0m_a_generic_core_ss1p62v125c.db'
Loading db file '/RAID2/COURSE/iclab/iclab055/Lab07/Exercise/04_MEM/DUAL_64X8X1BM1_WC.db'
  Loading target library 'DUAL_64X8X1BM1_WC'
Loaded alib file './alib-52/fsa0m_a_generic_core_ss1p62v125c.db.alib'
Loaded alib file './alib-52/DUAL_64X8X1BM1_WC.db.alib' (placeholder)
  Building model 'DW01_NAND2'
Information: Ungrouping hierarchy u_input_output before Pass 1 (OPT-776)
Information: Ungrouping hierarchy u_Handshake_syn before Pass 1 (OPT-776)
Information: Ungrouping hierarchy u_Conv before Pass 1 (OPT-776)
Information: Ungrouping hierarchy u_FIFO_syn before Pass 1 (OPT-776)
Information: Ungrouping hierarchy u_FIFO_syn/M1 before Pass 1 (OPT-776)
Information: Ungrouping hierarchy u_FIFO_syn/M0 before Pass 1 (OPT-776)
Information: Ungrouping 6 of 23 hierarchies before Pass 1 (OPT-775)
Information: State dependent leakage is now switched from on to off.

  Beginning Pass 1 Mapping
  ------------------------
  Processing 'CONV_TOP'
Information: Added key list 'DesignWare' to design 'CONV_TOP'. (DDB-72)
Information: In design 'CONV_TOP', the register 'u_FIFO_syn/w_binary_reg_reg[6]' is removed because it is merged to 'u_FIFO_syn/wptr_reg[6]'. (OPT-1215)
Information: In design 'CONV_TOP', the register 'u_FIFO_syn/r_binary_reg_reg[6]' is removed because it is merged to 'u_FIFO_syn/rptr_reg[6]'. (OPT-1215)
 Implement Synthetic for 'CONV_TOP'.

  Updating timing information
Information: Updating design information... (UID-85)
Information: The library cell 'TIE1' in the library 'fsa0m_a_generic_core_ss1p62v125c' is not characterized for internal power. (PWR-536)
Information: The library cell 'TIE0' in the library 'fsa0m_a_generic_core_ss1p62v125c' is not characterized for internal power. (PWR-536)
Information: The library cell 'BHD1' in the library 'fsa0m_a_generic_core_ss1p62v125c' is not characterized for internal power. (PWR-536)
Information: The target library(s) contains cell(s), other than black boxes, that are not characterized for internal power. (PWR-24)

  Beginning Mapping Optimizations  (Ultra High effort)
  -------------------------------
  Mapping Optimization (Phase 1)

                                  TOTAL                                                            
   ELAPSED            WORST NEG   SETUP    DESIGN                              LEAKAGE   MIN DELAY 
    TIME      AREA      SLACK     COST    RULE COST         ENDPOINT            POWER      COST    
  --------- --------- --------- --------- --------- ------------------------- --------- -----------
    0:00:27  106729.7      0.00       0.0       0.0                           5825393.0000      0.00  
    0:00:27  106726.6      0.00       0.0       0.0                           5825343.5000      0.00  

  Beginning Constant Register Removal
  -----------------------------------
    0:00:27  106726.6      0.00       0.0       0.0                           5825343.5000      0.00  
    0:00:27  106726.6      0.00       0.0       0.0                           5825343.5000      0.00  

  Beginning Global Optimizations
  ------------------------------
  Global Optimization (Phase 1)
  Global Optimization (Phase 2)
  Global Optimization (Phase 3)
  Global Optimization (Phase 4)
  Global Optimization (Phase 5)
  Global Optimization (Phase 6)
  Global Optimization (Phase 7)
  Global Optimization (Phase 8)
  Global Optimization (Phase 9)
  Global Optimization (Phase 10)
  Global Optimization (Phase 11)
  Global Optimization (Phase 12)
  Global Optimization (Phase 13)
  Global Optimization (Phase 14)
  Global Optimization (Phase 15)
  Global Optimization (Phase 16)
  Global Optimization (Phase 17)
  Global Optimization (Phase 18)
  Global Optimization (Phase 19)
  Global Optimization (Phase 20)
  Global Optimization (Phase 21)
  Global Optimization (Phase 22)
  Global Optimization (Phase 23)
  Global Optimization (Phase 24)
  Global Optimization (Phase 25)
  Global Optimization (Phase 26)
  Global Optimization (Phase 27)
  Global Optimization (Phase 28)
  Global Optimization (Phase 29)
  Global Optimization (Phase 30)

  Beginning Isolate Ports
  -----------------------

  Beginning Delay Optimization
  ----------------------------
    0:00:28   99286.4      0.00       0.0      70.0                           4938366.5000      0.00  
    0:00:28   99286.4      0.00       0.0      70.0                           4938366.5000      0.00  
    0:00:28   99286.4      0.00       0.0      70.0                           4938366.5000      0.00  
    0:00:28   99286.4      0.00       0.0      70.0                           4938366.5000      0.00  
    0:00:28   99264.6      0.00       0.0      70.0                           4938451.0000      0.00  
    0:00:28   99264.6      0.00       0.0      70.0                           4938451.0000      0.00  

  Beginning WLM Backend Optimization
  --------------------------------------
    0:00:28   99214.6      0.00       0.0      70.0                           4932478.5000      0.00  
    0:00:28   99214.6      0.00       0.0      70.0                           4932478.5000      0.00  
    0:00:28   99214.6      0.00       0.0      70.0                           4932478.5000      0.00  
    0:00:29   99214.6      0.00       0.0      68.8                           4920954.5000      0.00  
    0:00:29   99214.6      0.00       0.0      68.8                           4920954.5000      0.00  
    0:00:29   99214.6      0.00       0.0      68.8                           4920954.5000      0.00  
    0:00:29   99214.6      0.00       0.0      68.8                           4920954.5000      0.00  
    0:00:29   99214.6      0.00       0.0      68.8                           4920954.5000      0.00  
    0:00:29   99214.6      0.00       0.0      68.8                           4920954.5000      0.00  
    0:00:29   99214.6      0.00       0.0      68.8                           4920954.5000      0.00  
    0:00:29   99214.6      0.00       0.0      68.8                           4920954.5000      0.00  
    0:00:29   99214.6      0.00       0.0      68.8                           4920954.5000      0.00  
    0:00:29   99214.6      0.00       0.0      68.8                           4920954.5000      0.00  
    0:00:29   99214.6      0.00       0.0      68.8                           4920954.5000      0.00  
    0:00:29   99214.6      0.00       0.0      68.8                           4920954.5000      0.00  
    0:00:29   99214.6      0.00       0.0      68.8                           4920954.5000      0.00  
    0:00:29   99214.6      0.00       0.0      68.8                           4920954.5000      0.00  
    0:00:29   99214.6      0.00       0.0      68.8                           4920954.5000      0.00  
    0:00:29   99214.6      0.00       0.0      68.8                           4920954.5000      0.00  
    0:00:29   99214.6      0.00       0.0      68.8                           4920954.5000      0.00  
    0:00:29   99214.6      0.00       0.0      68.8                           4920954.5000      0.00  
    0:00:29   99214.6      0.00       0.0      68.8                           4920954.5000      0.00  


  Beginning Design Rule Fixing  (max_transition)  (max_capacitance)
  ----------------------------

                                  TOTAL                                                            
   ELAPSED            WORST NEG   SETUP    DESIGN                              LEAKAGE   MIN DELAY 
    TIME      AREA      SLACK     COST    RULE COST         ENDPOINT            POWER      COST    
  --------- --------- --------- --------- --------- ------------------------- --------- -----------
    0:00:29   99214.6      0.00       0.0      68.8                           4920954.5000      0.00  
  Global Optimization (Phase 31)
  Global Optimization (Phase 32)
  Global Optimization (Phase 33)
    0:00:29   99295.8      0.00       0.0       0.0                           4927207.5000      0.00  
    0:00:29   99295.8      0.00       0.0       0.0                           4927207.5000      0.00  


  Beginning Leakage Power Optimization  (max_leakage_power 0)
  ------------------------------------

                                  TOTAL                                                            
   ELAPSED            WORST NEG   SETUP    DESIGN                              LEAKAGE   MIN DELAY 
    TIME      AREA      SLACK     COST    RULE COST         ENDPOINT            POWER      COST    
  --------- --------- --------- --------- --------- ------------------------- --------- -----------
    0:00:29   99295.8      0.00       0.0       0.0                           4927207.5000      0.00  
  Global Optimization (Phase 34)
  Global Optimization (Phase 35)
  Global Optimization (Phase 36)
  Global Optimization (Phase 37)
  Global Optimization (Phase 38)
  Global Optimization (Phase 39)
  Global Optimization (Phase 40)
  Global Optimization (Phase 41)
  Global Optimization (Phase 42)
  Global Optimization (Phase 43)
  Global Optimization (Phase 44)
  Global Optimization (Phase 45)
  Global Optimization (Phase 46)
    0:00:29   99280.2      0.00       0.0       0.0                           4916327.5000      0.00  
    0:00:29   99280.2      0.00       0.0       0.0                           4916327.5000      0.00  
    0:00:29   99280.2      0.00       0.0       0.0                           4916327.5000      0.00  
    0:00:29   99280.2      0.00       0.0       0.0                           4916327.5000      0.00  
    0:00:29   99280.2      0.00       0.0       0.0                           4916327.5000      0.00  
    0:00:29   99280.2      0.00       0.0       0.0                           4916327.5000      0.00  
    0:00:29   99280.2      0.00       0.0       0.0                           4916327.5000      0.00  
    0:00:29   99280.2      0.00       0.0       0.0                           4916327.5000      0.00  
    0:00:29   99280.2      0.00       0.0       0.0                           4916327.5000      0.00  
    0:00:29   99280.2      0.00       0.0       0.0                           4916327.5000      0.00  
    0:00:29   99280.2      0.00       0.0       0.0                           4916327.5000      0.00  
    0:00:29   99280.2      0.00       0.0       0.0                           4916327.5000      0.00  
    0:00:29   99280.2      0.00       0.0       0.0                           4916327.5000      0.00  
    0:00:29   99280.2      0.00       0.0       0.0                           4916327.5000      0.00  
    0:00:29   99280.2      0.00       0.0       0.0                           4916327.5000      0.00  
    0:00:29   99280.2      0.00       0.0       0.0                           4916327.5000      0.00  
    0:00:29   99280.2      0.00       0.0       0.0                           4916327.5000      0.00  
    0:00:29   99280.2      0.00       0.0       0.0                           4916327.5000      0.00  
    0:00:29   99280.2      0.00       0.0       0.0                           4916327.5000      0.00  
    0:00:29   99280.2      0.00       0.0       0.0                           4916327.5000      0.00  
    0:00:29   99280.2      0.00       0.0       0.0                           4916327.5000      0.00  
    0:00:29   99280.2      0.00       0.0       0.0                           4916327.5000      0.00  

                                  TOTAL                                                            
   ELAPSED            WORST NEG   SETUP    DESIGN                              LEAKAGE   MIN DELAY 
    TIME      AREA      SLACK     COST    RULE COST         ENDPOINT            POWER      COST    
  --------- --------- --------- --------- --------- ------------------------- --------- -----------
    0:00:29   99280.2      0.00       0.0       0.0                           4916327.5000      0.00  
    0:00:29   99233.3      0.00       0.0       0.0                           4908093.5000      0.00  
    0:00:29   99233.3      0.00       0.0       0.0                           4908093.5000      0.00  
    0:00:29   99233.3      0.00       0.0       0.0                           4908093.5000      0.00  
    0:00:29   99233.3      0.00       0.0       0.0                           4908093.5000      0.00  
    0:00:29   99233.3      0.00       0.0       0.0                           4908093.5000      0.00  
    0:00:29   99233.3      0.00       0.0       0.0                           4908093.5000      0.00  
    0:00:29   99233.3      0.00       0.0       0.0                           4908093.5000      0.00  
    0:00:29   99233.3      0.00       0.0       0.0                           4908093.5000      0.00  
    0:00:29   99233.3      0.00       0.0       0.0                           4908093.5000      0.00  
    0:00:29   99233.3      0.00       0.0       0.0                           4908093.5000      0.00  
Loading db file '/RAID2/COURSE/iclab/iclabTA01/UMC018_CBDK/CIC/SynopsysDC/db/fsa0m_a_generic_core_ss1p62v125c.db'
Loading db file '/RAID2/COURSE/iclab/iclab055/Lab07/Exercise/04_MEM/DUAL_64X8X1BM1_WC.db'


Note: Symbol # after min delay cost means estimated hold TNS across all active scenarios 


  Optimization Complete
  ---------------------
  Loading target library 'DUAL_64X8X1BM1_WC'
Information: State dependent leakage is now switched from off to on.
Information: Propagating switching activity (low effort zero delay simulation). (PWR-6)
Warning: Design has unannotated black box outputs. (PWR-428)
1
#uniquify
#compile
#======================================================
#  (F) Output Reports 
#======================================================
report_design  >  Report/$DESIGN\.design
report_resource >  Report/$DESIGN\.resource
# report_timing -max_paths 1000 -path_type end >  Report/$DESIGN\.timing
report_timing -to {u_FIFO_syn/u_dual_sram/A0 u_FIFO_syn/u_dual_sram/B0} >  Report/$DESIGN\.timing
report_area -hierarchy >  Report/$DESIGN\.area
report_power > Report/$DESIGN\.power
report_clock > Report/$DESIGN\.clock
report_port >  Report/$DESIGN\.port
report_power >  Report/$DESIGN\.power
#report_reference > Report/$DESIGN\.reference
#======================================================
#  (G) Change Naming Rule
#======================================================
set bus_inference_style "%s\[%d\]"
%s[%d]
set bus_naming_style "%s\[%d\]"
%s[%d]
set hdlout_internal_busses true
true
change_names -hierarchy -rule verilog
1
define_name_rules name_rule -allowed "a-z A-Z 0-9 _" -max_length 255 -type cell
1
define_name_rules name_rule -allowed "a-z A-Z 0-9 _[]" -max_length 255 -type net
1
define_name_rules name_rule -map {{"\\*cell\\*" "cell"}}
1
define_name_rules name_rule -case_insensitive
1
change_names -hierarchy -rules name_rule
1
#======================================================
#  (H) Output Results
#======================================================
set verilogout_higher_designs_first true
true
write -format verilog -output Netlist/$DESIGN\_SYN.v -hierarchy
Writing verilog file '/RAID2/COURSE/iclab/iclab055/Lab07/Exercise/02_SYN/Netlist/CONV_TOP_SYN.v'.
1
write -format ddc     -hierarchy -output $DESIGN\_SYN.ddc
Writing ddc file 'CONV_TOP_SYN.ddc'.
1
write_sdf -version 3.0 -context verilog -load_delay cell Netlist/$DESIGN\_SYN.sdf -significant_digits 6
Information: Writing timing information to file '/RAID2/COURSE/iclab/iclab055/Lab07/Exercise/02_SYN/Netlist/CONV_TOP_SYN.sdf'. (WT-3)
1
write_sdc Netlist/$DESIGN\_SYN.sdc
1
#======================================================
#  (I) Finish and Quit
#======================================================
report_area
 
****************************************
Report : area
Design : CONV_TOP
Version: T-2022.03
Date   : Fri Jan 10 14:15:33 2025
****************************************

Library(s) Used:

    fsa0m_a_generic_core_ss1p62v125c (File: /RAID2/COURSE/iclab/iclabTA01/UMC018_CBDK/CIC/SynopsysDC/db/fsa0m_a_generic_core_ss1p62v125c.db)
    DUAL_64X8X1BM1_WC (File: /RAID2/COURSE/iclab/iclab055/Lab07/Exercise/04_MEM/DUAL_64X8X1BM1_WC.db)

Number of ports:                          107
Number of nets:                          1664
Number of cells:                         1562
Number of combinational cells:           1044
Number of sequential cells:               501
Number of macros/black boxes:               1
Number of buf/inv:                        115
Number of references:                      41

Combinational area:              17320.766569
Buf/Inv area:                      749.951992
Noncombinational area:           27413.870872
Macro/Black Box area:            54498.683594
Net Interconnect area:      undefined  (Wire load has zero net area)

Total cell area:                 99233.321035
Total area:                 undefined
1
report_timing 
 
****************************************
Report : timing
        -path full
        -delay max
        -max_paths 1
Design : CONV_TOP
Version: T-2022.03
Date   : Fri Jan 10 14:15:33 2025
****************************************

Operating Conditions: WCCOM   Library: fsa0m_a_generic_core_ss1p62v125c
Wire Load Model Mode: top

  Startpoint: in_valid (input port clocked by clk1)
  Endpoint: u_input_output_handshake_din_reg_2_
            (rising edge-triggered flip-flop clocked by clk1)
  Path Group: clk1
  Path Type: max

  Des/Clust/Port     Wire Load Model       Library
  ------------------------------------------------
  CONV_TOP           enG30K                fsa0m_a_generic_core_ss1p62v125c

  Point                                                   Incr       Path
  --------------------------------------------------------------------------
  clock clk1 (rise edge)                                  0.00       0.00
  clock network delay (ideal)                             0.00       0.00
  input external delay                                   23.55      23.55 f
  in_valid (in)                                           0.00      23.55 f
  U1147/O (OA12S)                                         0.66      24.21 f
  U1641/O (INV2)                                          1.08      25.29 r
  U1016/O (NR2P)                                          0.99      26.28 f
  U1801/O (AOI22S)                                        0.44      26.72 r
  U1802/O (ND3S)                                          0.19      26.90 f
  U1803/O (AO12S)                                         0.38      27.28 f
  u_input_output_handshake_din_reg_2_/D (QDFFS)           0.00      27.28 f
  data arrival time                                                 27.28

  clock clk1 (rise edge)                                 47.10      47.10
  clock network delay (ideal)                             0.00      47.10
  clock uncertainty                                      -0.10      47.00
  u_input_output_handshake_din_reg_2_/CK (QDFFS)          0.00      47.00 r
  library setup time                                     -0.13      46.87
  data required time                                                46.87
  --------------------------------------------------------------------------
  data required time                                                46.87
  data arrival time                                                -27.28
  --------------------------------------------------------------------------
  slack (MET)                                                       19.58


  Startpoint: u_Conv_ifmap_y_reg_0_
              (rising edge-triggered flip-flop clocked by clk2)
  Endpoint: u_FIFO_syn_u_dual_sram
            (rising edge-triggered flip-flop clocked by clk2)
  Path Group: clk2
  Path Type: max

  Des/Clust/Port     Wire Load Model       Library
  ------------------------------------------------
  CONV_TOP           enG30K                fsa0m_a_generic_core_ss1p62v125c

  Point                                                   Incr       Path
  --------------------------------------------------------------------------
  clock clk2 (rise edge)                                  0.00       0.00
  clock network delay (ideal)                             0.00       0.00
  u_Conv_ifmap_y_reg_0_/CK (QDFFRBS)                      0.00       0.00 r
  u_Conv_ifmap_y_reg_0_/Q (QDFFRBS)                       0.95       0.95 r
  U1138/O (INV1S)                                         0.65       1.60 f
  U1234/O (NR2)                                           0.55       2.15 r
  U1235/O (AOI22S)                                        0.27       2.42 f
  U1236/O (NR2)                                           0.56       2.98 r
  U1250/O (INV1S)                                         0.35       3.33 f
  U1253/O (NR2P)                                          0.79       4.12 r
  U1297/O (AOI22S)                                        0.25       4.37 f
  U1300/O (AOI13HS)                                       0.24       4.61 r
  U1309/O (NR3)                                           0.25       4.86 f
  U1079/O (ND3S)                                          0.34       5.19 r
  U1099/O (AN2S)                                          0.27       5.46 r
  U1097/S (HA1S)                                          0.47       5.93 f
  U1350/CO (FA1S)                                         0.55       6.48 f
  U1349/CO (FA1S)                                         0.56       7.05 f
  U1352/CO (FA1S)                                         0.53       7.57 f
  U1354/CO (FA1S)                                         0.53       8.10 f
  U1355/CO (FA1S)                                         0.53       8.62 f
  U1123/C (HA1S)                                          0.29       8.92 f
  U1122/O (MAOI1S)                                        0.49       9.41 r
  u_FIFO_syn_u_dual_sram/DIA7 (DUAL_64X8X1BM1)            0.00       9.41 r
  data arrival time                                                  9.41

  clock clk2 (rise edge)                                 10.10      10.10
  clock network delay (ideal)                             0.00      10.10
  clock uncertainty                                      -0.10      10.00
  u_FIFO_syn_u_dual_sram/CKA (DUAL_64X8X1BM1)             0.00      10.00 r
  library setup time                                     -0.58       9.42
  data required time                                                 9.42
  --------------------------------------------------------------------------
  data required time                                                 9.42
  data arrival time                                                 -9.41
  --------------------------------------------------------------------------
  slack (MET)                                                        0.00


1
exit

Memory usage for this session 349 Mbytes.
Memory usage for this session including child processes 403 Mbytes.
CPU usage for this session 124 seconds ( 0.03 hours ).
Elapsed time for this session 126 seconds ( 0.04 hours ).

Thank you...

