Command: vcs -timescale=1ns/1fs -j8 -sverilog +v2k -full64 -Mupdate -R -debug_access+all \
-y /usr/cad/synopsys/synthesis/cur/dw/sim_ver/ +libext+.v -f filelist.f -o simv -l \
vcs.log -P /usr/cad/synopsys/verdi/2019.06//share/PLI/VCS/linux64/novas.tab /usr/cad/synopsys/verdi/2019.06//share/PLI/VCS/linux64/pli.a \
+define+RTL +define+NCG +notimingchecks
*** Using c compiler gcc instead of cc ...
                         Chronologic VCS (TM)
         Version T-2022.06_Full64 -- Fri Jan 10 14:21:35 2025

                    Copyright (c) 1991 - 2022 Synopsys, Inc.
   This software and the associated documentation are proprietary to Synopsys,
 Inc. This software may only be used in accordance with the terms and conditions
 of a written license agreement with Synopsys, Inc. All other use, reproduction,
   or distribution of this software is strictly prohibited.  Licensed Products
     communicate with Synopsys servers for the purpose of providing software
    updates, detecting software piracy and verifying that customers are using
    Licensed Products in conformity with the applicable License Key for such
  Licensed Products. Synopsys will use information gathered in connection with
    this process to deliver software updates and pursue software pirates and
                                   infringers.

 Inclusivity & Diversity - Visit SolvNetPlus to read the "Synopsys Statement on
            Inclusivity and Diversity" (Refer to article 000036315 at
                        https://solvnetplus.synopsys.com)

Parsing design file 'TESTBED.v'
Parsing included file 'PATTERN.v'.
Back to file 'TESTBED.v'.
Parsing included file 'SA.v'.
Parsing included file 'GATED_OR.v'.
Back to file 'SA.v'.
Back to file 'TESTBED.v'.
Top Level Modules:
       TESTBED
TimeScale is 1 ns / 10 ps
Starting vcs inline pass...


Note-[VCS_PARAL] Parallel code-gen enabled
  VCS is running with parallel code generation(-j)...

8 modules and 0 UDP read.
recompiling module PATTERN
recompiling module TESTBED
recompiling module MAC
recompiling module mac_19b
recompiling module mult_41x19
recompiling module MAC_8
recompiling module ReLU_div_3
recompiling module add_60
All of 8 modules done
make[1]: Entering directory `/RAID2/COURSE/iclab/iclab055/Lab08/EXERCISE/01_RTL/csrc' \

rm -f _cuarc*.so _csrc*.so pre_vcsobj_*.so share_vcsobj_*.so
if [ -x ../simv ]; then chmod a-x ../simv; fi
g++  -o ../simv      -rdynamic  -Wl,-rpath='$ORIGIN'/simv.daidir -Wl,-rpath=./simv.daidir \
-Wl,-rpath=/usr/cad/synopsys/vcs/2022.06/linux64/lib -L/usr/cad/synopsys/vcs/2022.06/linux64/lib \
-Wl,-rpath-link=./  /usr/lib64/libnuma.so.1   objs/amcQw_d.o   _64871_archive_1.so \
_64888_archive_1.so _64889_archive_1.so  SIM_l.o      rmapats_mop.o rmapats.o rmar.o \
rmar_nd.o  rmar_llvm_0_1.o rmar_llvm_0_0.o           -lvirsim -lerrorinf -lsnpsmalloc \
-lvfs /usr/cad/synopsys/verdi/2019.06//share/PLI/VCS/linux64/pli.a    -lvcsnew -lsimprofile \
-luclinative /usr/cad/synopsys/vcs/2022.06/linux64/lib/vcs_tls.o   -Wl,-whole-archive \
-lvcsucli    -Wl,-no-whole-archive        _vcs_pli_stub_.o   /usr/cad/synopsys/vcs/2022.06/linux64/lib/vcs_save_restore_new.o \
/usr/cad/synopsys/verdi/2019.06//share/PLI/VCS/LINUX64/pli.a -ldl -lm  -lc -lpthread \
-ldl 
../simv up to date
make[1]: Leaving directory `/RAID2/COURSE/iclab/iclab055/Lab08/EXERCISE/01_RTL/csrc' \

Command: /RAID2/COURSE/iclab/iclab055/Lab08/EXERCISE/01_RTL/./simv +v2k +libext+.v -a vcs.log +define+RTL +define+NCG +notimingchecks
Chronologic VCS simulator copyright 1991-2022
Contains Synopsys proprietary information.
Compiler version T-2022.06_Full64; Runtime version T-2022.06_Full64;  Jan 10 14:21 2025
*Verdi* Loading libsscore_vcs201906.so
FSDB Dumper for VCS, Release Verdi_P-2019.06, Linux x86_64/64bit, 05/26/2019
(C) 1996 - 2019 by Synopsys, Inc.
***********************************************************************
*  ERROR -                                                            *
*  The simulator version is newer than the FSDB dumper version which  *
*  may cause abnormal behavior, please contact Synopsys support for   *
*  assistance.                                                        *
***********************************************************************
*Verdi* : Create FSDB file 'SA.fsdb'
*Verdi* : Begin traversing the scopes, layer (0).
*Verdi* : Enable +mda dumping.
*Verdi* : End of traversing.
*Verdi* : Begin traversing the scopes, layer (0).
*Verdi* : End of traversing.
[1;34mPASS PATTERN NO.   0 [1;32mCycles:   1[1;0m
[1;34mPASS PATTERN NO.   1 [1;32mCycles:   1[1;0m
[1;34mPASS PATTERN NO.   2 [1;32mCycles:   1[1;0m
[1;34mPASS PATTERN NO.   3 [1;32mCycles:   1[1;0m
[1;34mPASS PATTERN NO.   4 [1;32mCycles:   1[1;0m
[1;34mPASS PATTERN NO.   5 [1;32mCycles:   1[1;0m
[1;34mPASS PATTERN NO.   6 [1;32mCycles:   1[1;0m
[1;34mPASS PATTERN NO.   7 [1;32mCycles:   1[1;0m
[1;34mPASS PATTERN NO.   8 [1;32mCycles:   1[1;0m
[1;34mPASS PATTERN NO.   9 [1;32mCycles:   1[1;0m
[1;34mPASS PATTERN NO.  10 [1;32mCycles:   1[1;0m
[1;34mPASS PATTERN NO.  11 [1;32mCycles:   1[1;0m
[1;34mPASS PATTERN NO.  12 [1;32mCycles:   1[1;0m
[1;34mPASS PATTERN NO.  13 [1;32mCycles:   1[1;0m
[1;34mPASS PATTERN NO.  14 [1;32mCycles:   1[1;0m
[1;34mPASS PATTERN NO.  15 [1;32mCycles:   1[1;0m
[1;34mPASS PATTERN NO.  16 [1;32mCycles:   1[1;0m
[1;34mPASS PATTERN NO.  17 [1;32mCycles:   1[1;0m
[1;34mPASS PATTERN NO.  18 [1;32mCycles:   1[1;0m
[1;34mPASS PATTERN NO.  19 [1;32mCycles:   1[1;0m
[1;34mPASS PATTERN NO.  20 [1;32mCycles:   1[1;0m
[1;34mPASS PATTERN NO.  21 [1;32mCycles:   1[1;0m
[1;34mPASS PATTERN NO.  22 [1;32mCycles:   1[1;0m
[1;34mPASS PATTERN NO.  23 [1;32mCycles:   1[1;0m
[1;34mPASS PATTERN NO.  24 [1;32mCycles:   1[1;0m
[1;34mPASS PATTERN NO.  25 [1;32mCycles:   1[1;0m
[1;34mPASS PATTERN NO.  26 [1;32mCycles:   1[1;0m
[1;34mPASS PATTERN NO.  27 [1;32mCycles:   1[1;0m
[1;34mPASS PATTERN NO.  28 [1;32mCycles:   1[1;0m
[1;34mPASS PATTERN NO.  29 [1;32mCycles:   1[1;0m
[1;34mPASS PATTERN NO.  30 [1;32mCycles:   1[1;0m
[1;34mPASS PATTERN NO.  31 [1;32mCycles:   1[1;0m
[1;34mPASS PATTERN NO.  32 [1;32mCycles:   1[1;0m
[1;34mPASS PATTERN NO.  33 [1;32mCycles:   1[1;0m
[1;34mPASS PATTERN NO.  34 [1;32mCycles:   1[1;0m
[1;34mPASS PATTERN NO.  35 [1;32mCycles:   1[1;0m
[1;34mPASS PATTERN NO.  36 [1;32mCycles:   1[1;0m
[1;34mPASS PATTERN NO.  37 [1;32mCycles:   1[1;0m
[1;34mPASS PATTERN NO.  38 [1;32mCycles:   1[1;0m
[1;34mPASS PATTERN NO.  39 [1;32mCycles:   1[1;0m
[1;34mPASS PATTERN NO.  40 [1;32mCycles:   1[1;0m
[1;34mPASS PATTERN NO.  41 [1;32mCycles:   1[1;0m
[1;34mPASS PATTERN NO.  42 [1;32mCycles:   1[1;0m
[1;34mPASS PATTERN NO.  43 [1;32mCycles:   1[1;0m
[1;34mPASS PATTERN NO.  44 [1;32mCycles:   1[1;0m
[1;34mPASS PATTERN NO.  45 [1;32mCycles:   1[1;0m
[1;34mPASS PATTERN NO.  46 [1;32mCycles:   1[1;0m
[1;34mPASS PATTERN NO.  47 [1;32mCycles:   1[1;0m
[1;34mPASS PATTERN NO.  48 [1;32mCycles:   1[1;0m
[1;34mPASS PATTERN NO.  49 [1;32mCycles:   1[1;0m
[1;34mPASS PATTERN NO.  50 [1;32mCycles:   1[1;0m
[1;34mPASS PATTERN NO.  51 [1;32mCycles:   1[1;0m
[1;34mPASS PATTERN NO.  52 [1;32mCycles:   1[1;0m
[1;34mPASS PATTERN NO.  53 [1;32mCycles:   1[1;0m
[1;34mPASS PATTERN NO.  54 [1;32mCycles:   1[1;0m
[1;34mPASS PATTERN NO.  55 [1;32mCycles:   1[1;0m
[1;34mPASS PATTERN NO.  56 [1;32mCycles:   1[1;0m
[1;34mPASS PATTERN NO.  57 [1;32mCycles:   1[1;0m
[1;34mPASS PATTERN NO.  58 [1;32mCycles:   1[1;0m
[1;34mPASS PATTERN NO.  59 [1;32mCycles:   1[1;0m
[1;34mPASS PATTERN NO.  60 [1;32mCycles:   1[1;0m
[1;34mPASS PATTERN NO.  61 [1;32mCycles:   1[1;0m
[1;34mPASS PATTERN NO.  62 [1;32mCycles:   1[1;0m
[1;34mPASS PATTERN NO.  63 [1;32mCycles:   1[1;0m
[1;34mPASS PATTERN NO.  64 [1;32mCycles:   1[1;0m
[1;34mPASS PATTERN NO.  65 [1;32mCycles:   1[1;0m
[1;34mPASS PATTERN NO.  66 [1;32mCycles:   1[1;0m
[1;34mPASS PATTERN NO.  67 [1;32mCycles:   1[1;0m
[1;34mPASS PATTERN NO.  68 [1;32mCycles:   1[1;0m
[1;34mPASS PATTERN NO.  69 [1;32mCycles:   1[1;0m
[1;34mPASS PATTERN NO.  70 [1;32mCycles:   1[1;0m
[1;34mPASS PATTERN NO.  71 [1;32mCycles:   1[1;0m
[1;34mPASS PATTERN NO.  72 [1;32mCycles:   1[1;0m
[1;34mPASS PATTERN NO.  73 [1;32mCycles:   1[1;0m
[1;34mPASS PATTERN NO.  74 [1;32mCycles:   1[1;0m
[1;34mPASS PATTERN NO.  75 [1;32mCycles:   1[1;0m
[1;34mPASS PATTERN NO.  76 [1;32mCycles:   1[1;0m
[1;34mPASS PATTERN NO.  77 [1;32mCycles:   1[1;0m
[1;34mPASS PATTERN NO.  78 [1;32mCycles:   1[1;0m
[1;34mPASS PATTERN NO.  79 [1;32mCycles:   1[1;0m
[1;34mPASS PATTERN NO.  80 [1;32mCycles:   1[1;0m
[1;34mPASS PATTERN NO.  81 [1;32mCycles:   1[1;0m
[1;34mPASS PATTERN NO.  82 [1;32mCycles:   1[1;0m
[1;34mPASS PATTERN NO.  83 [1;32mCycles:   1[1;0m
[1;34mPASS PATTERN NO.  84 [1;32mCycles:   1[1;0m
[1;34mPASS PATTERN NO.  85 [1;32mCycles:   1[1;0m
[1;34mPASS PATTERN NO.  86 [1;32mCycles:   1[1;0m
[1;34mPASS PATTERN NO.  87 [1;32mCycles:   1[1;0m
[1;34mPASS PATTERN NO.  88 [1;32mCycles:   1[1;0m
[1;34mPASS PATTERN NO.  89 [1;32mCycles:   1[1;0m
[1;34mPASS PATTERN NO.  90 [1;32mCycles:   1[1;0m
[1;34mPASS PATTERN NO.  91 [1;32mCycles:   1[1;0m
[1;34mPASS PATTERN NO.  92 [1;32mCycles:   1[1;0m
[1;34mPASS PATTERN NO.  93 [1;32mCycles:   1[1;0m
[1;34mPASS PATTERN NO.  94 [1;32mCycles:   1[1;0m
[1;34mPASS PATTERN NO.  95 [1;32mCycles:   1[1;0m
[1;34mPASS PATTERN NO.  96 [1;32mCycles:   1[1;0m
[1;34mPASS PATTERN NO.  97 [1;32mCycles:   1[1;0m
[1;34mPASS PATTERN NO.  98 [1;32mCycles:   1[1;0m
[1;34mPASS PATTERN NO.  99 [1;32mCycles:   1[1;0m
[1;33m                `oo+oy+`                            [1;35m Congratulation!!! [1;0m                                   
[1;33m               /h/----+y        `+++++:             [1;35m PASS This Lab........Maybe [1;0m                          
[1;33m             .y------:m/+ydoo+:y:---:+o             [1;35m Total Latency : 100       [1;0m                                
[1;33m              o+------/y--::::::+oso+:/y                                                                                     
[1;33m              s/-----:/:----------:+ooy+-                                                                                    
[1;33m             /o----------------/yhyo/::/o+/:-.`                                                                              
[1;33m            `ys----------------:::--------:::+yyo+                                                                           
[1;33m            .d/:-------------------:--------/--/hos/                                                                         
[1;33m            y/-------------------::ds------:s:/-:sy-                                                                         
[1;33m           +y--------------------::os:-----:ssm/o+`                                                                          
[1;33m          `d:-----------------------:-----/+o++yNNmms                                                                        
[1;33m           /y-----------------------------------hMMMMN.                                                                      
[1;33m           o+---------------------://:----------:odmdy/+.                                                                    
[1;33m           o+---------------------::y:------------::+o-/h                                                                    
[1;33m           :y-----------------------+s:------------/h:-:d                                                                    
[1;33m           `m/-----------------------+y/---------:oy:--/y                                                                    
[1;33m            /h------------------------:os++/:::/+o/:--:h-                                                                    
[1;33m         `:+ym--------------------------://++++o/:---:h/                                                                     
[1;31m        `hhhhhoooo++oo+/:[1;33m--------------------:oo----[1;31m+dd+                                                 
[1;31m         shyyyhhhhhhhhhhhso/:[1;33m---------------:+/---[1;31m/ydyyhs:`                                              
[1;31m         .mhyyyyyyhhhdddhhhhhs+:[1;33m----------------[1;31m:sdmhyyyyyyo:                                            
[1;31m        `hhdhhyyyyhhhhhddddhyyyyyo++/:[1;33m--------[1;31m:odmyhmhhyyyyhy                                            
[1;31m        -dyyhhyyyyyyhdhyhhddhhyyyyyhhhs+/::[1;33m-[1;31m:ohdmhdhhhdmdhdmy:                                           
[1;31m         hhdhyyyyyyyyyddyyyyhdddhhyyyyyhhhyyhdhdyyhyys+ossyhssy:-`                                                           
[1;31m         `Ndyyyyyyyyyyymdyyyyyyyhddddhhhyhhhhhhhhy+/:[1;33m-------::/+o++++-`                                            
[1;31m          dyyyyyyyyyyyyhNyydyyyyyyyyyyhhhhyyhhy+/[1;33m------------------:/ooo:`                                         
[1;31m         :myyyyyyyyyyyyyNyhmhhhyyyyyhdhyyyhho/[1;33m-------------------------:+o/`                                       
[1;31m        /dyyyyyyyyyyyyyyddmmhyyyyyyhhyyyhh+:[1;33m-----------------------------:+s-                                      
[1;31m      +dyyyyyyyyyyyyyyydmyyyyyyyyyyyyyds:[1;33m---------------------------------:s+                                      
[1;31m      -ddhhyyyyyyyyyyyyyddyyyyyyyyyyyhd+[1;33m------------------------------------:oo              `-++o+:.`             
[1;31m       `/dhshdhyyyyyyyyyhdyyyyyyyyyydh:[1;33m---------------------------------------s/            -o/://:/+s             
[1;31m         os-:/oyhhhhyyyydhyyyyyyyyyds:[1;33m----------------------------------------:h:--.`      `y:------+os            
[1;33m         h+-----[1;31m:/+oosshdyyyyyyyyhds[1;33m-------------------------------------------+h//o+s+-.` :o-------s/y  
[1;33m         m:------------[1;31mdyyyyyyyyymo[1;33m--------------------------------------------oh----:://++oo------:s/d  
[1;33m        `N/-----------+[1;31mmyyyyyyyydo[1;33m---------------------------------------------sy---------:/s------+o/d  
[1;33m        .m-----------:d[1;31mhhyyyyyyd+[1;33m----------------------------------------------y+-----------+:-----oo/h  
[1;33m        +s-----------+N[1;31mhmyyyyhd/[1;33m----------------------------------------------:h:-----------::-----+o/m  
[1;33m        h/----------:d/[1;31mmmhyyhh:[1;33m-----------------------------------------------oo-------------------+o/h  
[1;33m       `y-----------so /[1;31mNhydh:[1;33m-----------------------------------------------/h:-------------------:soo  
[1;33m    `.:+o:---------+h   [1;31mmddhhh/:[1;33m---------------:/osssssoo+/::---------------+d+//++///::+++//::::::/y+`  
[1;33m   -s+/::/--------+d.   [1;31mohso+/+y/:[1;33m-----------:yo+/:-----:/oooo/:----------:+s//::-.....--:://////+/:`    
[1;33m   s/------------/y`           `/oo:--------:y/-------------:/oo+:------:/s:                                                 
[1;33m   o+:--------::++`              `:so/:-----s+-----------------:oy+:--:+s/``````                                             
[1;33m    :+o++///+oo/.                   .+o+::--os-------------------:oy+oo:`/o+++++o-                                           
[1;33m       .---.`                          -+oo/:yo:-------------------:oy-:h/:---:+oyo                                          
[1;33m                                          `:+omy/---------------------+h:----:y+//so                                         
[1;33m                                              `-ys:-------------------+s-----+s///om                                         
[1;33m                                                 -os+::---------------/y-----ho///om                                         
[1;33m                                                    -+oo//:-----------:h-----h+///+d                                         
[1;33m                                                       `-oyy+:---------s:----s/////y                                         
[1;33m                                                           `-/o+::-----:+----oo///+s                                         
[1;33m                                                               ./+o+::-------:y///s:                                         
[1;33m                                                                   ./+oo/-----oo/+h                                          
[1;33m                                                                       `://++++syo`                                          
[1;0m
$finish called from file "PATTERN.v", line 426.
$finish at simulation time            116967500
           V C S   S i m u l a t i o n   R e p o r t 
Time: 1169675000 ps
CPU Time:      4.950 seconds;       Data structure size:   0.3Mb
Fri Jan 10 14:21:43 2025
CPU time: 2.261 seconds to compile + .531 seconds to elab + .350 seconds to link + 5.006 seconds in simulation
