Command: vcs -timescale=1ns/1fs -j4 -sverilog +v2k -full64 -Mupdate -R -debug_access+all \
-f filelist.f -o simv -l vcs.log -P /usr/cad/synopsys/verdi/2019.06//share/PLI/VCS/linux64/novas.tab \
/usr/cad/synopsys/verdi/2019.06//share/PLI/VCS/linux64/pli.a -v /RAID2/COURSE/iclab/iclabTA01/UMC018_CBDK/CIC/Verilog/fsa0m_a_generic_core_30.lib.src \
+define+PERF +define+GATE +neg_tchk +maxdelays +nowarnNTCDSN
*** Using c compiler gcc instead of cc ...
                         Chronologic VCS (TM)
         Version T-2022.06_Full64 -- Tue Dec 31 07:46:53 2024

                    Copyright (c) 1991 - 2022 Synopsys, Inc.
   This software and the associated documentation are proprietary to Synopsys,
 Inc. This software may only be used in accordance with the terms and conditions
 of a written license agreement with Synopsys, Inc. All other use, reproduction,
   or distribution of this software is strictly prohibited.  Licensed Products
     communicate with Synopsys servers for the purpose of providing software
    updates, detecting software piracy and verifying that customers are using
    Licensed Products in conformity with the applicable License Key for such
  Licensed Products. Synopsys will use information gathered in connection with
    this process to deliver software updates and pursue software pirates and
                                   infringers.

 Inclusivity & Diversity - Visit SolvNetPlus to read the "Synopsys Statement on
            Inclusivity and Diversity" (Refer to article 000036315 at
                        https://solvnetplus.synopsys.com)

Parsing design file 'TESTBED.v'
Parsing included file 'PATTERN.vp'.
Parsing included file '../00_TESTBED/pseudo_DRAM.v'.
Back to file 'PATTERN.vp'.
Back to file 'TESTBED.v'.
Parsing included file 'ISP_SYN.v'.
Back to file 'TESTBED.v'.
Parsing library file '/RAID2/COURSE/iclab/iclabTA01/UMC018_CBDK/CIC/Verilog/fsa0m_a_generic_core_30.lib.src'
Top Level Modules:
       TESTBED
TimeScale is 10 ps / 1 ps

Warning-[TFIPC] Too few instance port connections
ISP_SYN.v, 2137
ISP, "DFFSBN img_size_reg_reg_0__3_( .D (n2402),  .CK (clk),  .SB (n2535),  .Q (img_size_reg[63]));"
  The above instance has fewer port connections than the module definition.
  Please use '+lint=TFIPC-L' to print out detailed information of unconnected 
  ports.


Warning-[TFIPC] Too few instance port connections
ISP_SYN.v, 2139
ISP, "DFFSBN img_size_reg_reg_15__3_( .D (n2417),  .CK (clk),  .SB (n2536),  .Q (img_size_reg[3]));"
  The above instance has fewer port connections than the module definition.
  Please use '+lint=TFIPC-L' to print out detailed information of unconnected 
  ports.


Warning-[TFIPC] Too few instance port connections
ISP_SYN.v, 2141
ISP, "DFFSBN img_size_reg_reg_14__3_( .D (n2416),  .CK (clk),  .SB (n2536),  .Q (img_size_reg[7]));"
  The above instance has fewer port connections than the module definition.
  Please use '+lint=TFIPC-L' to print out detailed information of unconnected 
  ports.


Warning-[TFIPC] Too few instance port connections
ISP_SYN.v, 2143
ISP, "DFFSBN img_size_reg_reg_13__3_( .D (n2415),  .CK (clk),  .SB (n2536),  .Q (img_size_reg[11]));"
  The above instance has fewer port connections than the module definition.
  Please use '+lint=TFIPC-L' to print out detailed information of unconnected 
  ports.


Warning-[TFIPC] Too few instance port connections
ISP_SYN.v, 2145
ISP, "DFFSBN img_size_reg_reg_12__3_( .D (n2414),  .CK (clk),  .SB (n2536),  .Q (img_size_reg[15]));"
  The above instance has fewer port connections than the module definition.
  Please use '+lint=TFIPC-L' to print out detailed information of unconnected 
  ports.


Warning-[TFIPC] Too few instance port connections
ISP_SYN.v, 2147
ISP, "DFFSBN img_size_reg_reg_11__3_( .D (n24130),  .CK (clk),  .SB (n2536),  .Q (img_size_reg[19]));"
  The above instance has fewer port connections than the module definition.
  Please use '+lint=TFIPC-L' to print out detailed information of unconnected 
  ports.


Warning-[TFIPC] Too few instance port connections
ISP_SYN.v, 2149
ISP, "DFFSBN img_size_reg_reg_10__3_( .D (n2412),  .CK (clk),  .SB (n2536),  .Q (img_size_reg[23]));"
  The above instance has fewer port connections than the module definition.
  Please use '+lint=TFIPC-L' to print out detailed information of unconnected 
  ports.


Warning-[TFIPC] Too few instance port connections
ISP_SYN.v, 2151
ISP, "DFFSBN img_size_reg_reg_9__3_( .D (n2411),  .CK (clk),  .SB (n2536),  .Q (img_size_reg[27]));"
  The above instance has fewer port connections than the module definition.
  Please use '+lint=TFIPC-L' to print out detailed information of unconnected 
  ports.


Warning-[TFIPC] Too few instance port connections
ISP_SYN.v, 2153
ISP, "DFFSBN img_size_reg_reg_8__3_( .D (n2410),  .CK (clk),  .SB (n2536),  .Q (img_size_reg[31]));"
  The above instance has fewer port connections than the module definition.
  Please use '+lint=TFIPC-L' to print out detailed information of unconnected 
  ports.


Warning-[TFIPC] Too few instance port connections
ISP_SYN.v, 2155
ISP, "DFFSBN img_size_reg_reg_7__3_( .D (n2409),  .CK (clk),  .SB (n2534),  .Q (img_size_reg[35]));"
  The above instance has fewer port connections than the module definition.
  Please use '+lint=TFIPC-L' to print out detailed information of unconnected 
  ports.


Warning-[TFIPC] Too few instance port connections
ISP_SYN.v, 2157
ISP, "DFFSBN img_size_reg_reg_6__3_( .D (n2408),  .CK (clk),  .SB (n2536),  .Q (img_size_reg[39]));"
  The above instance has fewer port connections than the module definition.
  Please use '+lint=TFIPC-L' to print out detailed information of unconnected 
  ports.


Warning-[TFIPC] Too few instance port connections
ISP_SYN.v, 2159
ISP, "DFFSBN img_size_reg_reg_5__3_( .D (n2407),  .CK (clk),  .SB (n2536),  .Q (img_size_reg[43]));"
  The above instance has fewer port connections than the module definition.
  Please use '+lint=TFIPC-L' to print out detailed information of unconnected 
  ports.


Warning-[TFIPC] Too few instance port connections
ISP_SYN.v, 2161
ISP, "DFFSBN img_size_reg_reg_4__3_( .D (n2406),  .CK (clk),  .SB (n2536),  .Q (img_size_reg[47]));"
  The above instance has fewer port connections than the module definition.
  Please use '+lint=TFIPC-L' to print out detailed information of unconnected 
  ports.


Warning-[TFIPC] Too few instance port connections
ISP_SYN.v, 2163
ISP, "DFFSBN img_size_reg_reg_3__3_( .D (n2405),  .CK (clk),  .SB (n2536),  .Q (img_size_reg[51]));"
  The above instance has fewer port connections than the module definition.
  Please use '+lint=TFIPC-L' to print out detailed information of unconnected 
  ports.


Warning-[TFIPC] Too few instance port connections
ISP_SYN.v, 2165
ISP, "DFFSBN img_size_reg_reg_2__3_( .D (n2404),  .CK (clk),  .SB (n2533),  .Q (img_size_reg[55]));"
  The above instance has fewer port connections than the module definition.
  Please use '+lint=TFIPC-L' to print out detailed information of unconnected 
  ports.


Warning-[TFIPC] Too few instance port connections
ISP_SYN.v, 2167
ISP, "DFFSBN img_size_reg_reg_1__3_( .D (n2403),  .CK (clk),  .SB (n2533),  .Q (img_size_reg[59]));"
  The above instance has fewer port connections than the module definition.
  Please use '+lint=TFIPC-L' to print out detailed information of unconnected 
  ports.


Warning-[TFIPC] Too few instance port connections
ISP_SYN.v, 2173
ISP, "DFFSBN shift_divided_by_3_min_state_reg_0_( .D (n2480),  .CK (clk),  .SB (n2534),  .QB (n7721));"
  The above instance has fewer port connections than the module definition.
  Please use '+lint=TFIPC-L' to print out detailed information of unconnected 
  ports.


Warning-[TFIPC] Too few instance port connections
ISP_SYN.v, 2701
ISP, "DFFN max_min_avg_result_reg_4_( .D (max_min_avg_result_wire[5]),  .CK (clk),  .Q (max_min_avg_result[4]));"
  The above instance has fewer port connections than the module definition.
  Please use '+lint=TFIPC-L' to print out detailed information of unconnected 
  ports.


Warning-[TFIPC] Too few instance port connections
ISP_SYN.v, 2703
ISP, "DFFN max_min_avg_result_reg_5_( .D (max_min_avg_result_wire[6]),  .CK (clk),  .Q (max_min_avg_result[5]));"
  The above instance has fewer port connections than the module definition.
  Please use '+lint=TFIPC-L' to print out detailed information of unconnected 
  ports.


Warning-[TFIPC] Too few instance port connections
ISP_SYN.v, 2705
ISP, "DFFN focus_sub_in_2_reg_reg_5__2_( .D (N1237),  .CK (clk),  .QB (DP_OP_45_152_1330_n52));"
  The above instance has fewer port connections than the module definition.
  Please use '+lint=TFIPC-L' to print out detailed information of unconnected 
  ports.


Warning-[TFIPC] Too few instance port connections
ISP_SYN.v, 2709
ISP, "DFFRBS divided_by_9_inst_acc_reg_12_( .D (divided_by_9_inst_N45),  .CK (clk),  .RB (n2534),  .Q (divided_by_9_inst_acc[12]));"
  The above instance has fewer port connections than the module definition.
  Please use '+lint=TFIPC-L' to print out detailed information of unconnected 
  ports.


Warning-[TFIPC] Too few instance port connections
ISP_SYN.v, 2744
ISP, "DFFS adj_gray_data_reg_reg_3__5_( .D (adj_gray_data[58]),  .CK (clk),  .Q (adj_gray_data_reg[89]));"
  The above instance has fewer port connections than the module definition.
  Please use '+lint=TFIPC-L' to print out detailed information of unconnected 
  ports.


Warning-[TFIPC] Too few instance port connections
ISP_SYN.v, 2746
ISP, "DFFS min_stage_1_reg_0__6_( .D (N1993),  .CK (clk),  .Q (min_stage_1[61]));"
  The above instance has fewer port connections than the module definition.
  Please use '+lint=TFIPC-L' to print out detailed information of unconnected 
  ports.


Warning-[TFIPC] Too few instance port connections
ISP_SYN.v, 2747
ISP, "DFFS focus_add_stage_1_reg_reg_0__2_( .D (N1361),  .CK (clk),  .Q (focus_add_stage_1_reg[41]));"
  The above instance has fewer port connections than the module definition.
  Please use '+lint=TFIPC-L' to print out detailed information of unconnected 
  ports.


Warning-[TFIPC] Too few instance port connections
ISP_SYN.v, 2751
ISP, "DFFS adj_gray_data_reg_reg_2__5_( .D (adj_gray_data[65]),  .CK (clk),  .Q (adj_gray_data_reg[96]));"
  The above instance has fewer port connections than the module definition.
  Please use '+lint=TFIPC-L' to print out detailed information of unconnected 
  ports.


Warning-[TFIPC] Too few instance port connections
ISP_SYN.v, 2850
ISP, "DFFP adj_gray_data_reg_reg_8__2_( .D (n3333),  .CK (clk),  .Q (adj_gray_data_reg[51]));"
  The above instance has fewer port connections than the module definition.
  Please use '+lint=TFIPC-L' to print out detailed information of unconnected 
  ports.


Warning-[TFIPC] Too few instance port connections
ISP_SYN.v, 2867
ISP, "DFFP focus_sub_in_2_reg_reg_5__4_( .D (N1239),  .CK (clk),  .QB (intadd_17_B_2_));"
  The above instance has fewer port connections than the module definition.
  Please use '+lint=TFIPC-L' to print out detailed information of unconnected 
  ports.


Warning-[TFIPC] Too few instance port connections
ISP_SYN.v, 2869
ISP, "DFFP adj_gray_data_reg_reg_9__2_( .D (n3343),  .CK (clk),  .Q (adj_gray_data_reg[44]));"
  The above instance has fewer port connections than the module definition.
  Please use '+lint=TFIPC-L' to print out detailed information of unconnected 
  ports.


Warning-[TFIPC] Too few instance port connections
ISP_SYN.v, 2925
ISP, "DFFS focus_add_stage_1_reg_reg_0__3_( .D (N1362),  .CK (clk),  .Q (focus_add_stage_1_reg[42]));"
  The above instance has fewer port connections than the module definition.
  Please use '+lint=TFIPC-L' to print out detailed information of unconnected 
  ports.


Warning-[TFIPC] Too few instance port connections
ISP_SYN.v, 3312
ISP, "DFFS focus_record_reg_7__1_( .D (n1881),  .CK (clk),  .Q (focus_record[17]));"
  The above instance has fewer port connections than the module definition.
  Please use '+lint=TFIPC-L' to print out detailed information of unconnected 
  ports.


Warning-[TFIPC] Too few instance port connections
ISP_SYN.v, 3313
ISP, "DFFS avg_record_reg_0__2_( .D (n1810),  .CK (clk),  .Q (avg_record[122]));"
  The above instance has fewer port connections than the module definition.
  Please use '+lint=TFIPC-L' to print out detailed information of unconnected 
  ports.


Warning-[TFIPC] Too few instance port connections
ISP_SYN.v, 3316
ISP, "DFFS focus_add_stage_2_reg_reg_2__8_( .D (N1393),  .CK (clk),  .Q (focus_add_stage_2_reg[8]));"
  The above instance has fewer port connections than the module definition.
  Please use '+lint=TFIPC-L' to print out detailed information of unconnected 
  ports.


Warning-[TFIPC] Too few instance port connections
ISP_SYN.v, 3318
ISP, "DFFS comp_in_reg_4__0_( .D (dram_in_adj[11]),  .CK (clk),  .Q (wdata_s_inf[32]));"
  The above instance has fewer port connections than the module definition.
  Please use '+lint=TFIPC-L' to print out detailed information of unconnected 
  ports.


Warning-[TFIPC] Too few instance port connections
ISP_SYN.v, 3334
ISP, "DFFS min_stage_1_reg_3__0_( .D (N2011),  .CK (clk),  .QB (n7742));"
  The above instance has fewer port connections than the module definition.
  Please use '+lint=TFIPC-L' to print out detailed information of unconnected 
  ports.


Warning-[TFIPC] Too few instance port connections
ISP_SYN.v, 3337
ISP, "DFFS min_stage_1_reg_0__4_( .D (N1991),  .CK (clk),  .Q (min_stage_1[59]));"
  The above instance has fewer port connections than the module definition.
  Please use '+lint=TFIPC-L' to print out detailed information of unconnected 
  ports.


Warning-[TFIPC] Too few instance port connections
ISP_SYN.v, 3338
ISP, "DFFS min_stage_1_reg_0__3_( .D (N1990),  .CK (clk),  .Q (min_stage_1[58]));"
  The above instance has fewer port connections than the module definition.
  Please use '+lint=TFIPC-L' to print out detailed information of unconnected 
  ports.


Warning-[TFIPC] Too few instance port connections
ISP_SYN.v, 3339
ISP, "DFFS min_stage_1_reg_0__2_( .D (N1989),  .CK (clk),  .Q (min_stage_1[57]));"
  The above instance has fewer port connections than the module definition.
  Please use '+lint=TFIPC-L' to print out detailed information of unconnected 
  ports.


Warning-[TFIPC] Too few instance port connections
ISP_SYN.v, 3340
ISP, "DFFS min_stage_1_reg_0__1_( .D (N1988),  .CK (clk),  .Q (min_stage_1[56]));"
  The above instance has fewer port connections than the module definition.
  Please use '+lint=TFIPC-L' to print out detailed information of unconnected 
  ports.


Warning-[TFIPC] Too few instance port connections
ISP_SYN.v, 3341
ISP, "DFFS max_stage_1_reg_5__6_( .D (N1897),  .CK (clk),  .Q (max_stage_1[22]));"
  The above instance has fewer port connections than the module definition.
  Please use '+lint=TFIPC-L' to print out detailed information of unconnected 
  ports.


Warning-[TFIPC] Too few instance port connections
ISP_SYN.v, 3342
ISP, "DFFS max_stage_1_reg_5__5_( .D (N1896),  .CK (clk),  .Q (max_stage_1[21]));"
  The above instance has fewer port connections than the module definition.
  Please use '+lint=TFIPC-L' to print out detailed information of unconnected 
  ports.


Warning-[TFIPC] Too few instance port connections
ISP_SYN.v, 3343
ISP, "DFFS max_stage_1_reg_5__4_( .D (N1895),  .CK (clk),  .Q (max_stage_1[20]));"
  The above instance has fewer port connections than the module definition.
  Please use '+lint=TFIPC-L' to print out detailed information of unconnected 
  ports.


Warning-[TFIPC] Too few instance port connections
ISP_SYN.v, 3344
ISP, "DFFS max_stage_1_reg_5__3_( .D (N1894),  .CK (clk),  .Q (max_stage_1[19]));"
  The above instance has fewer port connections than the module definition.
  Please use '+lint=TFIPC-L' to print out detailed information of unconnected 
  ports.


Warning-[TFIPC] Too few instance port connections
ISP_SYN.v, 3345
ISP, "DFFS max_stage_1_reg_5__2_( .D (N1893),  .CK (clk),  .Q (max_stage_1[18]));"
  The above instance has fewer port connections than the module definition.
  Please use '+lint=TFIPC-L' to print out detailed information of unconnected 
  ports.


Warning-[TFIPC] Too few instance port connections
ISP_SYN.v, 3346
ISP, "DFFS max_stage_1_reg_5__0_( .D (N1891),  .CK (clk),  .Q (max_stage_1[16]));"
  The above instance has fewer port connections than the module definition.
  Please use '+lint=TFIPC-L' to print out detailed information of unconnected 
  ports.


Warning-[TFIPC] Too few instance port connections
ISP_SYN.v, 3356
ISP, "DFFS adj_gray_data_reg_reg_4__5_( .D (adj_gray_data[53]),  .CK (clk),  .Q (adj_gray_data_reg[82]));"
  The above instance has fewer port connections than the module definition.
  Please use '+lint=TFIPC-L' to print out detailed information of unconnected 
  ports.


Warning-[TFIPC] Too few instance port connections
ISP_SYN.v, 3358
ISP, "DFFS adj_gray_data_reg_reg_14__5_( .D (n2868),  .CK (clk),  .Q (adj_gray_data_reg[12]));"
  The above instance has fewer port connections than the module definition.
  Please use '+lint=TFIPC-L' to print out detailed information of unconnected 
  ports.


Warning-[TFIPC] Too few instance port connections
ISP_SYN.v, 3371
ISP, "DFFS focus_sub_in_2_reg_reg_5__7_( .D (N1242),  .CK (clk),  .QB (intadd_17_B_5_));"
  The above instance has fewer port connections than the module definition.
  Please use '+lint=TFIPC-L' to print out detailed information of unconnected 
  ports.


Warning-[TFIPC] Too few instance port connections
ISP_SYN.v, 3373
ISP, "DFFS exp_add_stage_4_reg_reg_9_( .D (N1679),  .CK (clk),  .Q (exp_add_stage_4_reg[9]));"
  The above instance has fewer port connections than the module definition.
  Please use '+lint=TFIPC-L' to print out detailed information of unconnected 
  ports.


Warning-[TFIPC] Too few instance port connections
ISP_SYN.v, 3375
ISP, "DFFS adj_gray_data_reg_reg_15__5_( .D (n2500),  .CK (clk),  .Q (adj_gray_data_reg[5]));"
  The above instance has fewer port connections than the module definition.
  Please use '+lint=TFIPC-L' to print out detailed information of unconnected 
  ports.


Warning-[TFIPC] Too few instance port connections
ISP_SYN.v, 3380
ISP, "DFFS exposure_record_reg_15__6_( .D (n2274),  .CK (clk),  .Q (exposure_record[6]));"
  The above instance has fewer port connections than the module definition.
  Please use '+lint=TFIPC-L' to print out detailed information of unconnected 
  ports.


Warning-[TFIPC] Too few instance port connections
ISP_SYN.v, 3461
ISP, "DFFN exposure_acc_reg_13_( .D (N1712),  .CK (clk),  .Q (n2806));"
  The above instance has fewer port connections than the module definition.
  Please use '+lint=TFIPC-L' to print out detailed information of unconnected 
  ports.


Warning-[TFIPC] Too few instance port connections
ISP_SYN.v, 3482
ISP, "DFFP focus_sub_in_1_reg_reg_1__2_( .D (N1221),  .CK (clk),  .Q (n2777));"
  The above instance has fewer port connections than the module definition.
  Please use '+lint=TFIPC-L' to print out detailed information of unconnected 
  ports.


Warning-[TFIPC] Too few instance port connections
ISP_SYN.v, 3483
ISP, "DFFP focus_sub_in_1_reg_reg_1__6_( .D (N1225),  .CK (clk),  .Q (n2775));"
  The above instance has fewer port connections than the module definition.
  Please use '+lint=TFIPC-L' to print out detailed information of unconnected 
  ports.


Warning-[TFIPC] Too few instance port connections
ISP_SYN.v, 3484
ISP, "DFFP focus_sub_in_1_reg_reg_1__5_( .D (N1224),  .CK (clk),  .Q (n2773));"
  The above instance has fewer port connections than the module definition.
  Please use '+lint=TFIPC-L' to print out detailed information of unconnected 
  ports.


Warning-[TFIPC] Too few instance port connections
ISP_SYN.v, 3485
ISP, "DFFP focus_add_stage_1_reg_reg_3__1_( .D (N1336),  .CK (clk),  .Q (n2772));"
  The above instance has fewer port connections than the module definition.
  Please use '+lint=TFIPC-L' to print out detailed information of unconnected 
  ports.


Warning-[TFIPC] Too few instance port connections
ISP_SYN.v, 3581
ISP, "DFFRBS divided_by_9_inst_quo_reg_8_( .D (n2475),  .CK (clk),  .RB (n2538),  .Q (n2790));"
  The above instance has fewer port connections than the module definition.
  Please use '+lint=TFIPC-L' to print out detailed information of unconnected 
  ports.


Warning-[TFIPC] Too few instance port connections
ISP_SYN.v, 3613
ISP, "DFFN center_buffer_reg_0__3_( .D (n19810),  .CK (clk),  .Q (n2954));"
  The above instance has fewer port connections than the module definition.
  Please use '+lint=TFIPC-L' to print out detailed information of unconnected 
  ports.


Warning-[TFIPC] Too few instance port connections
ISP_SYN.v, 3616
ISP, "DFFS center_buffer_reg_26__6_( .D (n2186),  .CK (clk),  .Q (n2932));"
  The above instance has fewer port connections than the module definition.
  Please use '+lint=TFIPC-L' to print out detailed information of unconnected 
  ports.


Warning-[TFIPC] Too few instance port connections
ISP_SYN.v, 3617
ISP, "DFFS center_buffer_reg_28__4_( .D (n2204),  .CK (clk),  .Q (n2934));"
  The above instance has fewer port connections than the module definition.
  Please use '+lint=TFIPC-L' to print out detailed information of unconnected 
  ports.


Warning-[TFIPC] Too few instance port connections
ISP_SYN.v, 3618
ISP, "DFFS center_buffer_reg_28__1_( .D (n2207),  .CK (clk),  .Q (n2933));"
  The above instance has fewer port connections than the module definition.
  Please use '+lint=TFIPC-L' to print out detailed information of unconnected 
  ports.


Warning-[PCWM-W] Port connection width mismatch
TESTBED.v, 356
"PATTERN u_PATTERN( .clk (clk),  .rst_n (rst_n),  .in_valid (in_valid),  .in_pic_no (in_pic_no),  .in_mode (in_mode),  .in_ratio_mode (in_ratio_mode),  .out_valid (out_valid),  .out_data (out_data));"
  The following 2-bit expression is connected to 1-bit port "in_mode" of 
  module "PATTERN", instance "u_PATTERN".
  Expression: in_mode
  Instantiated module defined at: "PATTERN.vp", 24
  Use +lint=PCWM for more details.


   ***   $sdf_annotate() version 1.2R
   ***    SDF file: "ISP_SYN.sdf"
   ***    Annotation scope: TESTBED.u_ISP
   ***    No MTM selection argument specified
   ***    No SCALE FACTORS argument specified
   ***    No SCALE TYPE argument specified
   ***    MTM selection defaulted to "TOOL_CONTROL":
               (+maxdelays compiled, MAXIMUM delays selected)
   ***    SCALE FACTORS defaulted to "1.0:1.0:1.0":
   ***    SCALE TYPE defaulted to: "FROM_MTM"
   ***    Turnoff delay: "FROM_FILE"
   ***    Approximation (mipd) policy: "MAXIMUM"

   ***    SDF annotation begin: Tue Dec 31 07:46:54 2024


SDF Info: +pulse_r/100, +pulse_e/100 in effect

Warning-[SDFCOM_CFTC] Cannot find timing check 
ISP_SYN.sdf, 116297
module: QDFFRBS, "instance: TESTBED.u_ISP.img_size_reg_reg_8__2_"
  SDF Warning: Cannot find timing check $hold(posedge CK,posedge RB,...)
      


Warning-[SDFCOM_CFTC] Cannot find timing check 
ISP_SYN.sdf, 116318
module: QDFFRBS, "instance: TESTBED.u_ISP.img_size_reg_reg_2__0_"
  SDF Warning: Cannot find timing check $hold(posedge CK,posedge RB,...)
      


Warning-[SDFCOM_CFTC] Cannot find timing check 
ISP_SYN.sdf, 116339
module: QDFFRBS, "instance: TESTBED.u_ISP.img_size_reg_reg_12__2_"
  SDF Warning: Cannot find timing check $hold(posedge CK,posedge RB,...)
      


Warning-[SDFCOM_CFTC] Cannot find timing check 
ISP_SYN.sdf, 116360
module: QDFFRBP, "instance: TESTBED.u_ISP.state_reg_1_"
  SDF Warning: Cannot find timing check $hold(posedge CK,posedge RB,...)
      


Warning-[SDFCOM_CFTC] Cannot find timing check 
ISP_SYN.sdf, 116381
module: QDFFRBP, "instance: TESTBED.u_ISP.focus_count_reg_0_"
  SDF Warning: Cannot find timing check $hold(posedge CK,posedge RB,...)
      


Warning-[SDFCOM_CFTC] Cannot find timing check 
ISP_SYN.sdf, 116402
module: QDFFRBP, "instance: TESTBED.u_ISP.focus_reg_6_reg_1_"
  SDF Warning: Cannot find timing check $hold(posedge CK,posedge RB,...)
      


Warning-[SDFCOM_CFTC] Cannot find timing check 
ISP_SYN.sdf, 116542
module: QDFFRBS, "instance: TESTBED.u_ISP.img_size_reg_reg_1__2_"
  SDF Warning: Cannot find timing check $hold(posedge CK,posedge RB,...)
      


Warning-[SDFCOM_CFTC] Cannot find timing check 
ISP_SYN.sdf, 116649
module: QDFFRBS, "instance: TESTBED.u_ISP.img_size_reg_reg_15__2_"
  SDF Warning: Cannot find timing check $hold(posedge CK,posedge RB,...)
      


Warning-[SDFCOM_CFTC] Cannot find timing check 
ISP_SYN.sdf, 116704
module: QDFFRBS, "instance: TESTBED.u_ISP.img_size_reg_reg_11__2_"
  SDF Warning: Cannot find timing check $hold(posedge CK,posedge RB,...)
      

All future warnings not reported; use +sdfverbose to report them.

Warning-[SDFCOM_CFTC] Cannot find timing check 
ISP_SYN.sdf, 116725
module: QDFFRBS, "instance: TESTBED.u_ISP.img_size_reg_reg_7__2_"
  SDF Warning: Cannot find timing check $hold(posedge CK,posedge RB,...)
      


          Total errors: 0
          Total warnings: 225
   ***    SDF annotation completed: Tue Dec 31 07:46:54 2024



Warning-[DRTZ] Detect delay value roundoff to 0
  Delay from design or SDF file roundoff to 0 based on timescale
  Please use switch -diag timescale to dump detailed information.

Starting vcs inline pass...

Note-[VCS_PARAL] Parallel code-gen enabled
  VCS is running with parallel code generation(-j)...

128 modules and 2 UDPs read.
recompiling module pseudo_DRAM
recompiling module AO222S
recompiling module AO22S
recompiling module AOI22H
recompiling module MAOI1H
recompiling module MOAI1HT
recompiling module AOI13H
recompiling module DFFSBN
recompiling module OA112S
recompiling module OAI112HS
recompiling module QDFFRBS
recompiling module AO12T
recompiling module OA12
recompiling module XNR2H
recompiling module AOI12H
recompiling module OAI12H
recompiling module QDFFN
recompiling module OR3B2
recompiling module AN4S
recompiling module AN3
recompiling module ND3P
recompiling module NR3HP
recompiling module AN2S
recompiling module ND2P
recompiling module NR2F
recompiling module OR2P
recompiling module BUF12CK
recompiling module BUF3
recompiling module BUF6CK
recompiling module INV1CK
recompiling module INV3CK
recompiling module INV6CK
recompiling module PATTERN
recompiling module OAI222H
recompiling module OA22
recompiling module AOI22HP
recompiling module MOAI1
recompiling module MOAI1S
recompiling module AOI13HS
recompiling module MXL2H
recompiling module MUX2
recompiling module OAI112HT
recompiling module QDFFRBT
recompiling module DFFN
recompiling module OA12P
recompiling module XNR2HS
recompiling module AOI12HP
recompiling module OAI12HP
recompiling module QDFFP
recompiling module AN3B1T
recompiling module TESTBED
recompiling module AN3S
recompiling module ND3S
recompiling module NR3HT
recompiling module AN2T
recompiling module ND2S
recompiling module NR2P
recompiling module OR2S
recompiling module BUF1CK
recompiling module BUF4
recompiling module BUF8CK
recompiling module INV1S
recompiling module INV4
recompiling module INV8
recompiling module ISP
recompiling module AO222
recompiling module AO22
recompiling module OA22S
recompiling module MAOI1
recompiling module MOAI1HP
recompiling module OAI22S
recompiling module DFFRBS
recompiling module MXL2HS
recompiling module OAI112H
recompiling module QDFFRBP
recompiling module AO12S
recompiling module DFFS
recompiling module OA12T
recompiling module XOR2HS
recompiling module AOI12HT
recompiling module OAI12HT
recompiling module AN4B1S
recompiling module AN4P
recompiling module AN2B1S
recompiling module ND3HT
recompiling module NR3H
recompiling module AN2
recompiling module ND2F
recompiling module NR2
recompiling module OR2
recompiling module BUF1
recompiling module BUF2
recompiling module BUF6
recompiling module INV12
recompiling module INV3
recompiling module INV6
recompiling module TIE1
recompiling module OAI222S
recompiling module OA22P
recompiling module AOI22S
recompiling module MOAI1H
recompiling module OAI22H
recompiling module AOI13HT
recompiling module MXL2HF
recompiling module MUX2S
recompiling module QDFFRBN
recompiling module AO12
recompiling module DFFP
recompiling module OA12S
recompiling module XOR2H
recompiling module AOI12HS
recompiling module OAI12HS
recompiling module QDFFS
recompiling module AN4
recompiling module AN2B1P
recompiling module ND3
recompiling module NR3
recompiling module OR2B1S
recompiling module ND2
recompiling module ND2T
recompiling module NR2T
recompiling module OR2T
recompiling module BUF1S
recompiling module BUF4CK
recompiling module INV1
recompiling module INV2
recompiling module INV4CK
recompiling module INV8CK
All of 128 modules done
make[1]: Entering directory `/RAID2/COURSE/iclab/iclab055/Final_Project/03_GATE/csrc' \

rm -f _cuarc*.so _csrc*.so pre_vcsobj_*.so share_vcsobj_*.so
if [ -x ../simv ]; then chmod a-x ../simv; fi
g++  -o ../simv      -rdynamic  -Wl,-rpath='$ORIGIN'/simv.daidir -Wl,-rpath=./simv.daidir \
-Wl,-rpath=/usr/cad/synopsys/vcs/2022.06/linux64/lib -L/usr/cad/synopsys/vcs/2022.06/linux64/lib \
-Wl,-rpath-link=./  /usr/lib64/libnuma.so.1   objs/amcQw_d.o   _17485_archive_1.so \
_17503_archive_1.so _17504_archive_1.so _17505_archive_1.so objs/udps/qndjy.o objs/udps/Sbaqa.o \
SIM_l.o      rmapats_mop.o rmapats.o rmar.o rmar_nd.o  rmar_llvm_0_1.o rmar_llvm_0_0.o \
-lvirsim -lerrorinf -lsnpsmalloc -lvfs /usr/cad/synopsys/verdi/2019.06//share/PLI/VCS/linux64/pli.a \
-lvcsnew -lsimprofile -luclinative /usr/cad/synopsys/vcs/2022.06/linux64/lib/vcs_tls.o \
-Wl,-whole-archive  -lvcsucli    -Wl,-no-whole-archive        _vcs_pli_stub_.o   \
/usr/cad/synopsys/vcs/2022.06/linux64/lib/vcs_save_restore_new.o /usr/cad/synopsys/verdi/2019.06//share/PLI/VCS/LINUX64/pli.a \
-ldl -lm  -lc -lpthread -ldl 
../simv up to date
make[1]: Leaving directory `/RAID2/COURSE/iclab/iclab055/Final_Project/03_GATE/csrc' \

Command: /RAID2/COURSE/iclab/iclab055/Final_Project/03_GATE/./simv +v2k -a vcs.log +define+PERF +define+GATE +neg_tchk +maxdelays +nowarnNTCDSN
Chronologic VCS simulator copyright 1991-2022
Contains Synopsys proprietary information.
Compiler version T-2022.06_Full64; Runtime version T-2022.06_Full64;  Dec 31 07:46 2024
Doing SDF annotation ...... Done
[32mPass Pattern           0, Function: color auto exposure[0m
[32mPass Pattern           1, Function: color auto exposure[0m
[32mPass Pattern           2, Function: color auto exposure[0m
[32mPass Pattern           3, Function: color_auto_focus[0m
[32mPass Pattern           4, Function: color auto exposure[0m
[32mPass Pattern           5, Function: color_auto_focus[0m
[32mPass Pattern           6, Function: color_auto_focus[0m
[32mPass Pattern           7, Function: color auto exposure[0m
[32mPass Pattern           8, Function: color auto exposure[0m
[32mPass Pattern           9, Function: color auto exposure[0m
[32mPass Pattern          10, Function: color_auto_focus[0m
[32mPass Pattern          11, Function: color auto exposure[0m
[32mPass Pattern          12, Function: color_auto_focus[0m
[32mPass Pattern          13, Function: color auto exposure[0m
[32mPass Pattern          14, Function: color_auto_focus[0m
[32mPass Pattern          15, Function: color auto exposure[0m
[32mPass Pattern          16, Function: color auto exposure[0m
[32mPass Pattern          17, Function: color auto exposure[0m
[32mPass Pattern          18, Function: color_auto_focus[0m
[32mPass Pattern          19, Function: color_auto_focus[0m
[32mPass Pattern          20, Function: color auto exposure[0m
[32mPass Pattern          21, Function: color auto exposure[0m
[32mPass Pattern          22, Function: color_auto_focus[0m
[32mPass Pattern          23, Function: color_auto_focus[0m
[32mPass Pattern          24, Function: color auto exposure[0m
[32mPass Pattern          25, Function: color_auto_focus[0m
[32mPass Pattern          26, Function: color_auto_focus[0m
[32mPass Pattern          27, Function: color_auto_focus[0m
[32mPass Pattern          28, Function: color_auto_focus[0m
[32mPass Pattern          29, Function: color_auto_focus[0m
[32mPass Pattern          30, Function: color_auto_focus[0m
[32mPass Pattern          31, Function: color auto exposure[0m
[32mPass Pattern          32, Function: color_auto_focus[0m
[32mPass Pattern          33, Function: color auto exposure[0m
[32mPass Pattern          34, Function: color auto exposure[0m
[32mPass Pattern          35, Function: color_auto_focus[0m
[32mPass Pattern          36, Function: color auto exposure[0m
[32mPass Pattern          37, Function: color_auto_focus[0m
[32mPass Pattern          38, Function: color auto exposure[0m
[32mPass Pattern          39, Function: color auto exposure[0m
[32mPass Pattern          40, Function: color_auto_focus[0m
[32mPass Pattern          41, Function: color auto exposure[0m
[32mPass Pattern          42, Function: color auto exposure[0m
[32mPass Pattern          43, Function: color_auto_focus[0m
[32mPass Pattern          44, Function: color_auto_focus[0m
[32mPass Pattern          45, Function: color_auto_focus[0m
[32mPass Pattern          46, Function: color_auto_focus[0m
[32mPass Pattern          47, Function: color auto exposure[0m
[32mPass Pattern          48, Function: color auto exposure[0m
[32mPass Pattern          49, Function: color auto exposure[0m
[32mPass Pattern          50, Function: color_auto_focus[0m
[32mPass Pattern          51, Function: color_auto_focus[0m
[32mPass Pattern          52, Function: color auto exposure[0m
[32mPass Pattern          53, Function: color auto exposure[0m
[32mPass Pattern          54, Function: color_auto_focus[0m
[32mPass Pattern          55, Function: color auto exposure[0m
[32mPass Pattern          56, Function: color auto exposure[0m
[32mPass Pattern          57, Function: color_auto_focus[0m
[32mPass Pattern          58, Function: color_auto_focus[0m
[32mPass Pattern          59, Function: color_auto_focus[0m
[32mPass Pattern          60, Function: color auto exposure[0m
[32mPass Pattern          61, Function: color auto exposure[0m
[32mPass Pattern          62, Function: color auto exposure[0m
[32mPass Pattern          63, Function: color_auto_focus[0m
[32mPass Pattern          64, Function: color_auto_focus[0m
[32mPass Pattern          65, Function: color_auto_focus[0m
[32mPass Pattern          66, Function: color_auto_focus[0m
[32mPass Pattern          67, Function: color auto exposure[0m
[32mPass Pattern          68, Function: color_auto_focus[0m
[32mPass Pattern          69, Function: color auto exposure[0m
[32mPass Pattern          70, Function: color auto exposure[0m
[32mPass Pattern          71, Function: color_auto_focus[0m
[32mPass Pattern          72, Function: color auto exposure[0m
[32mPass Pattern          73, Function: color auto exposure[0m
[32mPass Pattern          74, Function: color auto exposure[0m
[32mPass Pattern          75, Function: color_auto_focus[0m
[32mPass Pattern          76, Function: color_auto_focus[0m
[32mPass Pattern          77, Function: color auto exposure[0m
[32mPass Pattern          78, Function: color_auto_focus[0m
[32mPass Pattern          79, Function: color auto exposure[0m
[32mPass Pattern          80, Function: color auto exposure[0m
[32mPass Pattern          81, Function: color_auto_focus[0m
[32mPass Pattern          82, Function: color_auto_focus[0m
[32mPass Pattern          83, Function: color auto exposure[0m
[32mPass Pattern          84, Function: color auto exposure[0m
[32mPass Pattern          85, Function: color_auto_focus[0m
[32mPass Pattern          86, Function: color auto exposure[0m
[32mPass Pattern          87, Function: color auto exposure[0m
[32mPass Pattern          88, Function: color auto exposure[0m
[32mPass Pattern          89, Function: color_auto_focus[0m
[32mPass Pattern          90, Function: color_auto_focus[0m
[32mPass Pattern          91, Function: color_auto_focus[0m
[32mPass Pattern          92, Function: color auto exposure[0m
[32mPass Pattern          93, Function: color_auto_focus[0m
[32mPass Pattern          94, Function: color_auto_focus[0m
[32mPass Pattern          95, Function: color auto exposure[0m
[32mPass Pattern          96, Function: color_auto_focus[0m
[32mPass Pattern          97, Function: color_auto_focus[0m
[32mPass Pattern          98, Function: color auto exposure[0m
[32mPass Pattern          99, Function: color auto exposure[0m
[32mPass Pattern         100, Function: color auto exposure[0m
[32mPass Pattern         101, Function: color_auto_focus[0m
[32mPass Pattern         102, Function: color auto exposure[0m
[32mPass Pattern         103, Function: color auto exposure[0m
[32mPass Pattern         104, Function: color auto exposure[0m
[32mPass Pattern         105, Function: color_auto_focus[0m
[32mPass Pattern         106, Function: color auto exposure[0m
[32mPass Pattern         107, Function: color_auto_focus[0m
[32mPass Pattern         108, Function: color auto exposure[0m
[32mPass Pattern         109, Function: color_auto_focus[0m
[32mPass Pattern         110, Function: color auto exposure[0m
[32mPass Pattern         111, Function: color_auto_focus[0m
[32mPass Pattern         112, Function: color auto exposure[0m
[32mPass Pattern         113, Function: color_auto_focus[0m
[32mPass Pattern         114, Function: color auto exposure[0m
[32mPass Pattern         115, Function: color_auto_focus[0m
[32mPass Pattern         116, Function: color_auto_focus[0m
[32mPass Pattern         117, Function: color auto exposure[0m
[32mPass Pattern         118, Function: color auto exposure[0m
[32mPass Pattern         119, Function: color auto exposure[0m
[32mPass Pattern         120, Function: color auto exposure[0m
[32mPass Pattern         121, Function: color auto exposure[0m
[32mPass Pattern         122, Function: color_auto_focus[0m
[32mPass Pattern         123, Function: color_auto_focus[0m
[32mPass Pattern         124, Function: color auto exposure[0m
[32mPass Pattern         125, Function: color_auto_focus[0m
[32mPass Pattern         126, Function: color_auto_focus[0m
[32mPass Pattern         127, Function: color auto exposure[0m
[32mPass Pattern         128, Function: color auto exposure[0m
[32mPass Pattern         129, Function: color_auto_focus[0m
[32mPass Pattern         130, Function: color_auto_focus[0m
[32mPass Pattern         131, Function: color auto exposure[0m
[32mPass Pattern         132, Function: color auto exposure[0m
[32mPass Pattern         133, Function: color auto exposure[0m
[32mPass Pattern         134, Function: color auto exposure[0m
[32mPass Pattern         135, Function: color_auto_focus[0m
[32mPass Pattern         136, Function: color auto exposure[0m
[32mPass Pattern         137, Function: color_auto_focus[0m
[32mPass Pattern         138, Function: color auto exposure[0m
[32mPass Pattern         139, Function: color_auto_focus[0m
[32mPass Pattern         140, Function: color auto exposure[0m
[32mPass Pattern         141, Function: color_auto_focus[0m
[32mPass Pattern         142, Function: color auto exposure[0m
[32mPass Pattern         143, Function: color_auto_focus[0m
[32mPass Pattern         144, Function: color auto exposure[0m
[32mPass Pattern         145, Function: color_auto_focus[0m
[32mPass Pattern         146, Function: color auto exposure[0m
[32mPass Pattern         147, Function: color_auto_focus[0m
[32mPass Pattern         148, Function: color auto exposure[0m
[32mPass Pattern         149, Function: color_auto_focus[0m
[32mPass Pattern         150, Function: color auto exposure[0m
[32mPass Pattern         151, Function: color auto exposure[0m
[32mPass Pattern         152, Function: color auto exposure[0m
[32mPass Pattern         153, Function: color_auto_focus[0m
[32mPass Pattern         154, Function: color auto exposure[0m
[32mPass Pattern         155, Function: color auto exposure[0m
[32mPass Pattern         156, Function: color_auto_focus[0m
[32mPass Pattern         157, Function: color auto exposure[0m
[32mPass Pattern         158, Function: color auto exposure[0m
[32mPass Pattern         159, Function: color_auto_focus[0m
[32mPass Pattern         160, Function: color_auto_focus[0m
[32mPass Pattern         161, Function: color_auto_focus[0m
[32mPass Pattern         162, Function: color_auto_focus[0m
[32mPass Pattern         163, Function: color_auto_focus[0m
[32mPass Pattern         164, Function: color auto exposure[0m
[32mPass Pattern         165, Function: color_auto_focus[0m
[32mPass Pattern         166, Function: color_auto_focus[0m
[32mPass Pattern         167, Function: color_auto_focus[0m
[32mPass Pattern         168, Function: color_auto_focus[0m
[32mPass Pattern         169, Function: color auto exposure[0m
[32mPass Pattern         170, Function: color auto exposure[0m
[32mPass Pattern         171, Function: color auto exposure[0m
[32mPass Pattern         172, Function: color auto exposure[0m
[32mPass Pattern         173, Function: color auto exposure[0m
[32mPass Pattern         174, Function: color_auto_focus[0m
[32mPass Pattern         175, Function: color auto exposure[0m
[32mPass Pattern         176, Function: color auto exposure[0m
[32mPass Pattern         177, Function: color auto exposure[0m
[32mPass Pattern         178, Function: color auto exposure[0m
[32mPass Pattern         179, Function: color auto exposure[0m
[32mPass Pattern         180, Function: color_auto_focus[0m
[32mPass Pattern         181, Function: color auto exposure[0m
[32mPass Pattern         182, Function: color_auto_focus[0m
[32mPass Pattern         183, Function: color_auto_focus[0m
[32mPass Pattern         184, Function: color auto exposure[0m
[32mPass Pattern         185, Function: color auto exposure[0m
[32mPass Pattern         186, Function: color_auto_focus[0m
[32mPass Pattern         187, Function: color_auto_focus[0m
[32mPass Pattern         188, Function: color auto exposure[0m
[32mPass Pattern         189, Function: color_auto_focus[0m
[32mPass Pattern         190, Function: color_auto_focus[0m
[32mPass Pattern         191, Function: color auto exposure[0m
[32mPass Pattern         192, Function: color auto exposure[0m
[32mPass Pattern         193, Function: color_auto_focus[0m
[32mPass Pattern         194, Function: color auto exposure[0m
[32mPass Pattern         195, Function: color auto exposure[0m
[32mPass Pattern         196, Function: color auto exposure[0m
[32mPass Pattern         197, Function: color auto exposure[0m
[32mPass Pattern         198, Function: color_auto_focus[0m
[32mPass Pattern         199, Function: color_auto_focus[0m
[32mPass Pattern         200, Function: color_auto_focus[0m
[32mPass Pattern         201, Function: color auto exposure[0m
[32mPass Pattern         202, Function: color_auto_focus[0m
[32mPass Pattern         203, Function: color_auto_focus[0m
[32mPass Pattern         204, Function: color auto exposure[0m
[32mPass Pattern         205, Function: color_auto_focus[0m
[32mPass Pattern         206, Function: color_auto_focus[0m
[32mPass Pattern         207, Function: color auto exposure[0m
[32mPass Pattern         208, Function: color auto exposure[0m
[32mPass Pattern         209, Function: color_auto_focus[0m
[32mPass Pattern         210, Function: color auto exposure[0m
[32mPass Pattern         211, Function: color auto exposure[0m
[32mPass Pattern         212, Function: color auto exposure[0m
[32mPass Pattern         213, Function: color_auto_focus[0m
[32mPass Pattern         214, Function: color auto exposure[0m
[32mPass Pattern         215, Function: color auto exposure[0m
[32mPass Pattern         216, Function: color_auto_focus[0m
[32mPass Pattern         217, Function: color_auto_focus[0m
[32mPass Pattern         218, Function: color auto exposure[0m
[32mPass Pattern         219, Function: color auto exposure[0m
[32mPass Pattern         220, Function: color_auto_focus[0m
[32mPass Pattern         221, Function: color auto exposure[0m
[32mPass Pattern         222, Function: color_auto_focus[0m
[32mPass Pattern         223, Function: color auto exposure[0m
[32mPass Pattern         224, Function: color auto exposure[0m
[32mPass Pattern         225, Function: color auto exposure[0m
[32mPass Pattern         226, Function: color_auto_focus[0m
[32mPass Pattern         227, Function: color auto exposure[0m
[32mPass Pattern         228, Function: color_auto_focus[0m
[32mPass Pattern         229, Function: color auto exposure[0m
[32mPass Pattern         230, Function: color_auto_focus[0m
[32mPass Pattern         231, Function: color_auto_focus[0m
[32mPass Pattern         232, Function: color_auto_focus[0m
[32mPass Pattern         233, Function: color auto exposure[0m
[32mPass Pattern         234, Function: color auto exposure[0m
[32mPass Pattern         235, Function: color auto exposure[0m
[32mPass Pattern         236, Function: color_auto_focus[0m
[32mPass Pattern         237, Function: color_auto_focus[0m
[32mPass Pattern         238, Function: color_auto_focus[0m
[32mPass Pattern         239, Function: color_auto_focus[0m
[32mPass Pattern         240, Function: color auto exposure[0m
[32mPass Pattern         241, Function: color_auto_focus[0m
[32mPass Pattern         242, Function: color_auto_focus[0m
[32mPass Pattern         243, Function: color auto exposure[0m
[32mPass Pattern         244, Function: color auto exposure[0m
[32mPass Pattern         245, Function: color auto exposure[0m
[32mPass Pattern         246, Function: color_auto_focus[0m
[32mPass Pattern         247, Function: color auto exposure[0m
[32mPass Pattern         248, Function: color_auto_focus[0m
[32mPass Pattern         249, Function: color auto exposure[0m
[32mPass Pattern         250, Function: color auto exposure[0m
[32mPass Pattern         251, Function: color auto exposure[0m
[32mPass Pattern         252, Function: color auto exposure[0m
[32mPass Pattern         253, Function: color_auto_focus[0m
[32mPass Pattern         254, Function: color_auto_focus[0m
[32mPass Pattern         255, Function: color auto exposure[0m
[32mPass Pattern         256, Function: color auto exposure[0m
[32mPass Pattern         257, Function: color_auto_focus[0m
[32mPass Pattern         258, Function: color_auto_focus[0m
[32mPass Pattern         259, Function: color_auto_focus[0m
[32mPass Pattern         260, Function: color auto exposure[0m
[32mPass Pattern         261, Function: color_auto_focus[0m
[32mPass Pattern         262, Function: color auto exposure[0m
[32mPass Pattern         263, Function: color_auto_focus[0m
[32mPass Pattern         264, Function: color_auto_focus[0m
[32mPass Pattern         265, Function: color auto exposure[0m
[32mPass Pattern         266, Function: color_auto_focus[0m
[32mPass Pattern         267, Function: color_auto_focus[0m
[32mPass Pattern         268, Function: color_auto_focus[0m
[32mPass Pattern         269, Function: color auto exposure[0m
[32mPass Pattern         270, Function: color_auto_focus[0m
[32mPass Pattern         271, Function: color auto exposure[0m
[32mPass Pattern         272, Function: color_auto_focus[0m
[32mPass Pattern         273, Function: color auto exposure[0m
[32mPass Pattern         274, Function: color_auto_focus[0m
[32mPass Pattern         275, Function: color_auto_focus[0m
[32mPass Pattern         276, Function: color auto exposure[0m
[32mPass Pattern         277, Function: color auto exposure[0m
[32mPass Pattern         278, Function: color_auto_focus[0m
[32mPass Pattern         279, Function: color_auto_focus[0m
[32mPass Pattern         280, Function: color auto exposure[0m
[32mPass Pattern         281, Function: color auto exposure[0m
[32mPass Pattern         282, Function: color_auto_focus[0m
[32mPass Pattern         283, Function: color auto exposure[0m
[32mPass Pattern         284, Function: color auto exposure[0m
[32mPass Pattern         285, Function: color auto exposure[0m
[32mPass Pattern         286, Function: color auto exposure[0m
[32mPass Pattern         287, Function: color_auto_focus[0m
[32mPass Pattern         288, Function: color_auto_focus[0m
[32mPass Pattern         289, Function: color_auto_focus[0m
[32mPass Pattern         290, Function: color_auto_focus[0m
[32mPass Pattern         291, Function: color auto exposure[0m
[32mPass Pattern         292, Function: color_auto_focus[0m
[32mPass Pattern         293, Function: color auto exposure[0m
[32mPass Pattern         294, Function: color_auto_focus[0m
[32mPass Pattern         295, Function: color_auto_focus[0m
[32mPass Pattern         296, Function: color auto exposure[0m
[32mPass Pattern         297, Function: color_auto_focus[0m
[32mPass Pattern         298, Function: color auto exposure[0m
[32mPass Pattern         299, Function: color_auto_focus[0m
[32mPass Pattern         300, Function: color auto exposure[0m
[32mPass Pattern         301, Function: color auto exposure[0m
[32mPass Pattern         302, Function: color_auto_focus[0m
[32mPass Pattern         303, Function: color auto exposure[0m
[32mPass Pattern         304, Function: color auto exposure[0m
[32mPass Pattern         305, Function: color auto exposure[0m
[32mPass Pattern         306, Function: color auto exposure[0m
[32mPass Pattern         307, Function: color_auto_focus[0m
[32mPass Pattern         308, Function: color auto exposure[0m
[32mPass Pattern         309, Function: color_auto_focus[0m
[32mPass Pattern         310, Function: color auto exposure[0m
[32mPass Pattern         311, Function: color auto exposure[0m
[32mPass Pattern         312, Function: color auto exposure[0m
[32mPass Pattern         313, Function: color auto exposure[0m
[32mPass Pattern         314, Function: color auto exposure[0m
[32mPass Pattern         315, Function: color auto exposure[0m
[32mPass Pattern         316, Function: color_auto_focus[0m
[32mPass Pattern         317, Function: color_auto_focus[0m
[32mPass Pattern         318, Function: color_auto_focus[0m
[32mPass Pattern         319, Function: color auto exposure[0m
[32mPass Pattern         320, Function: color_auto_focus[0m
[32mPass Pattern         321, Function: color_auto_focus[0m
[32mPass Pattern         322, Function: color_auto_focus[0m
[32mPass Pattern         323, Function: color_auto_focus[0m
[32mPass Pattern         324, Function: color auto exposure[0m
[32mPass Pattern         325, Function: color auto exposure[0m
[32mPass Pattern         326, Function: color auto exposure[0m
[32mPass Pattern         327, Function: color_auto_focus[0m
[32mPass Pattern         328, Function: color_auto_focus[0m
[32mPass Pattern         329, Function: color_auto_focus[0m
[32mPass Pattern         330, Function: color auto exposure[0m
[32mPass Pattern         331, Function: color auto exposure[0m
[32mPass Pattern         332, Function: color auto exposure[0m
[32mPass Pattern         333, Function: color_auto_focus[0m
[32mPass Pattern         334, Function: color auto exposure[0m
[32mPass Pattern         335, Function: color_auto_focus[0m
[32mPass Pattern         336, Function: color_auto_focus[0m
[32mPass Pattern         337, Function: color auto exposure[0m
[32mPass Pattern         338, Function: color auto exposure[0m
[32mPass Pattern         339, Function: color auto exposure[0m
[32mPass Pattern         340, Function: color_auto_focus[0m
[32mPass Pattern         341, Function: color auto exposure[0m
[32mPass Pattern         342, Function: color auto exposure[0m
[32mPass Pattern         343, Function: color auto exposure[0m
[32mPass Pattern         344, Function: color_auto_focus[0m
[32mPass Pattern         345, Function: color auto exposure[0m
[32mPass Pattern         346, Function: color_auto_focus[0m
[32mPass Pattern         347, Function: color_auto_focus[0m
[32mPass Pattern         348, Function: color_auto_focus[0m
[32mPass Pattern         349, Function: color auto exposure[0m
[32mPass Pattern         350, Function: color_auto_focus[0m
[32mPass Pattern         351, Function: color_auto_focus[0m
[32mPass Pattern         352, Function: color_auto_focus[0m
[32mPass Pattern         353, Function: color auto exposure[0m
[32mPass Pattern         354, Function: color auto exposure[0m
[32mPass Pattern         355, Function: color_auto_focus[0m
[32mPass Pattern         356, Function: color_auto_focus[0m
[32mPass Pattern         357, Function: color auto exposure[0m
[32mPass Pattern         358, Function: color_auto_focus[0m
[32mPass Pattern         359, Function: color_auto_focus[0m
[32mPass Pattern         360, Function: color auto exposure[0m
[32mPass Pattern         361, Function: color_auto_focus[0m
[32mPass Pattern         362, Function: color_auto_focus[0m
[32mPass Pattern         363, Function: color auto exposure[0m
[32mPass Pattern         364, Function: color auto exposure[0m
[32mPass Pattern         365, Function: color auto exposure[0m
[32mPass Pattern         366, Function: color_auto_focus[0m
[32mPass Pattern         367, Function: color_auto_focus[0m
[32mPass Pattern         368, Function: color auto exposure[0m
[32mPass Pattern         369, Function: color_auto_focus[0m
[32mPass Pattern         370, Function: color auto exposure[0m
[32mPass Pattern         371, Function: color auto exposure[0m
[32mPass Pattern         372, Function: color auto exposure[0m
[32mPass Pattern         373, Function: color_auto_focus[0m
[32mPass Pattern         374, Function: color auto exposure[0m
[32mPass Pattern         375, Function: color auto exposure[0m
[32mPass Pattern         376, Function: color_auto_focus[0m
[32mPass Pattern         377, Function: color auto exposure[0m
[32mPass Pattern         378, Function: color_auto_focus[0m
[32mPass Pattern         379, Function: color auto exposure[0m
[32mPass Pattern         380, Function: color auto exposure[0m
[32mPass Pattern         381, Function: color auto exposure[0m
[32mPass Pattern         382, Function: color_auto_focus[0m
[32mPass Pattern         383, Function: color auto exposure[0m
[32mPass Pattern         384, Function: color_auto_focus[0m
[32mPass Pattern         385, Function: color auto exposure[0m
[32mPass Pattern         386, Function: color auto exposure[0m
[32mPass Pattern         387, Function: color auto exposure[0m
[32mPass Pattern         388, Function: color auto exposure[0m
[32mPass Pattern         389, Function: color_auto_focus[0m
[32mPass Pattern         390, Function: color auto exposure[0m
[32mPass Pattern         391, Function: color_auto_focus[0m
[32mPass Pattern         392, Function: color auto exposure[0m
[32mPass Pattern         393, Function: color_auto_focus[0m
[32mPass Pattern         394, Function: color_auto_focus[0m
[32mPass Pattern         395, Function: color auto exposure[0m
[32mPass Pattern         396, Function: color_auto_focus[0m
[32mPass Pattern         397, Function: color auto exposure[0m
[32mPass Pattern         398, Function: color auto exposure[0m
[32mPass Pattern         399, Function: color auto exposure[0m
[32mPass Pattern         400, Function: color auto exposure[0m
*************************************************************************
*                         Congratulations!                              
*                Your execution cycles = 49187 cycles          
*                Your clock period = 2.2 ns          
*                Total Latency = 108211.4 ns          
*************************************************************************
$finish called from file "PATTERN.vp", line 53.
$finish at simulation time            110965800
           V C S   S i m u l a t i o n   R e p o r t 
Time: 110965800 ps
CPU Time:      2.660 seconds;       Data structure size:   2.6Mb
Tue Dec 31 07:47:00 2024
CPU time: 2.060 seconds to compile + .524 seconds to elab + .705 seconds to link + 2.687 seconds in simulation
