#======================================================
#
# Synopsys Synthesis Scripts (Design Vision dctcl mode)
#
#======================================================
#======================================================
# (A) Global Parameters
#======================================================
set DESIGN "Program"
Program
set CYCLE 2.1
2.1
set INPUT_DLY [expr 0.5*$CYCLE]
1.05
set OUTPUT_DLY [expr 0.5*$CYCLE]
1.05
#======================================================
# (B) Read RTL Code
#======================================================
# (B-1) analyze + elaborate
set hdlin_auto_save_templates TRUE
TRUE
analyze -f sverilog {Usertype.sv INF.sv Program.sv}
Running PRESTO HDLC
Compiling source file ./Usertype.sv
Warning:  ./Usertype.sv:4: The package usertype has already been analyzed. It is being replaced. (VER-26)
Compiling source file ./INF.sv
Information:  ./INF.sv:1: List () of one, unnamed, port is ignored. (VER-988)
Compiling source file ../01_RTL/Program.sv
Presto compilation completed successfully.
Loading db file '/RAID2/COURSE/iclab/iclabTA01/UMC018_CBDK/CIC/SynopsysDC/db/fsa0m_a_generic_core_ss1p62v125c.db'
Loading db file '/RAID2/COURSE/iclab/iclabTA01/UMC018_CBDK/CIC/SynopsysDC/db/fsa0m_a_generic_core_ff1p98vm40c.db'
Loading db file '/RAID2/COURSE/iclab/iclabTA01/UMC018_CBDK/CIC/SynopsysDC/db/fsa0m_a_t33_generic_io_ss1p62v125c.db'
Loading db file '/RAID2/COURSE/iclab/iclabTA01/UMC018_CBDK/CIC/SynopsysDC/db/fsa0m_a_t33_generic_io_tt1p8v25c.db'
Loading db file '/usr/cad/synopsys/synthesis/cur/libraries/syn/dw_foundation.sldb'
Loading db file '/usr/cad/synopsys/synthesis/cur/libraries/syn/standard.sldb'
1
elaborate $DESIGN  
Loading db file '/usr/cad/synopsys/synthesis/2022.03/libraries/syn/gtech.db'
Loading db file '/usr/cad/synopsys/synthesis/2022.03/libraries/syn/standard.sldb'
  Loading link library 'fsa0m_a_generic_core_ss1p62v125c'
  Loading link library 'fsa0m_a_generic_core_ff1p98vm40c'
  Loading link library 'fsa0m_a_t33_generic_io_ss1p62v125c'
  Loading link library 'fsa0m_a_t33_generic_io_tt1p8v25c'
  Loading link library 'gtech'
Running PRESTO HDLC
Warning:  ../01_RTL/Program.sv:339: signed to unsigned part selection occurs. (VER-318)
Warning:  ../01_RTL/Program.sv:340: signed to unsigned part selection occurs. (VER-318)
Warning:  ../01_RTL/Program.sv:341: signed to unsigned part selection occurs. (VER-318)
Warning:  ../01_RTL/Program.sv:342: signed to unsigned part selection occurs. (VER-318)
Warning:  ../01_RTL/Program.sv:97: DEFAULT branch of CASE statement cannot be reached. (ELAB-311)
Warning:  ../01_RTL/Program.sv:518: DEFAULT branch of CASE statement cannot be reached. (ELAB-311)
Warning:  ../01_RTL/Program.sv:533: DEFAULT branch of CASE statement cannot be reached. (ELAB-311)
Warning:  ../01_RTL/Program.sv:609: DEFAULT branch of CASE statement cannot be reached. (ELAB-311)

Statistics for case statements in always block at line 96 in file
        '../01_RTL/Program.sv'
===============================================
|           Line           |  full/ parallel  |
===============================================
|            97            |    auto/auto     |
===============================================

Statistics for case statements in always block at line 346 in file
        '../01_RTL/Program.sv'
===============================================
|           Line           |  full/ parallel  |
===============================================
|           352            |    auto/auto     |
|           354            |    auto/auto     |
|           374            |    auto/auto     |
|           390            |    auto/auto     |
|           406            |    auto/auto     |
===============================================

Statistics for case statements in always block at line 517 in file
        '../01_RTL/Program.sv'
===============================================
|           Line           |  full/ parallel  |
===============================================
|           518            |    auto/auto     |
===============================================

Statistics for case statements in always block at line 532 in file
        '../01_RTL/Program.sv'
===============================================
|           Line           |  full/ parallel  |
===============================================
|           533            |    auto/auto     |
|           535            |     no/auto      |
|           542            |     no/auto      |
|           549            |     no/auto      |
===============================================

Statistics for case statements in always block at line 608 in file
        '../01_RTL/Program.sv'
===============================================
|           Line           |  full/ parallel  |
===============================================
|           609            |    auto/auto     |
===============================================

Inferred memory devices in process
        in routine Program line 105 in file
                '../01_RTL/Program.sv'.
===============================================================================
|    Register Name    |   Type    | Width | Bus | MB | AR | AS | SR | SS | ST |
===============================================================================
|      state_reg      | Flip-flop |   1   |  N  | N  | Y  | N  | N  | N  | N  |
===============================================================================

Inferred memory devices in process
        in routine Program line 117 in file
                '../01_RTL/Program.sv'.
===============================================================================
|    Register Name    |   Type    | Width | Bus | MB | AR | AS | SR | SS | ST |
===============================================================================
|   action_reg_reg    | Flip-flop |   2   |  Y  | N  | Y  | N  | N  | N  | N  |
===============================================================================

Inferred memory devices in process
        in routine Program line 126 in file
                '../01_RTL/Program.sv'.
===============================================================================
|    Register Name    |   Type    | Width | Bus | MB | AR | AS | SR | SS | ST |
===============================================================================
|   formula_reg_reg   | Flip-flop |   3   |  Y  | N  | Y  | N  | N  | N  | N  |
===============================================================================

Inferred memory devices in process
        in routine Program line 135 in file
                '../01_RTL/Program.sv'.
===============================================================================
|    Register Name    |   Type    | Width | Bus | MB | AR | AS | SR | SS | ST |
===============================================================================
|    mode_reg_reg     | Flip-flop |   2   |  Y  | N  | N  | N  | N  | N  | N  |
===============================================================================

Inferred memory devices in process
        in routine Program line 141 in file
                '../01_RTL/Program.sv'.
===============================================================================
|    Register Name    |   Type    | Width | Bus | MB | AR | AS | SR | SS | ST |
===============================================================================
|    date_reg_reg     | Flip-flop |   9   |  Y  | N  | N  | N  | N  | N  | N  |
===============================================================================

Inferred memory devices in process
        in routine Program line 148 in file
                '../01_RTL/Program.sv'.
===============================================================================
|    Register Name    |   Type    | Width | Bus | MB | AR | AS | SR | SS | ST |
===============================================================================
|   data_no_reg_reg   | Flip-flop |   8   |  Y  | N  | N  | N  | N  | N  | N  |
===============================================================================

Inferred memory devices in process
        in routine Program line 154 in file
                '../01_RTL/Program.sv'.
===============================================================================
|    Register Name    |   Type    | Width | Bus | MB | AR | AS | SR | SS | ST |
===============================================================================
|   index_a_reg_reg   | Flip-flop |  12   |  Y  | N  | N  | N  | N  | N  | N  |
|   index_d_reg_reg   | Flip-flop |  12   |  Y  | N  | N  | N  | N  | N  | N  |
|   index_c_reg_reg   | Flip-flop |  12   |  Y  | N  | N  | N  | N  | N  | N  |
|   index_b_reg_reg   | Flip-flop |  12   |  Y  | N  | N  | N  | N  | N  | N  |
===============================================================================

Inferred memory devices in process
        in routine Program line 166 in file
                '../01_RTL/Program.sv'.
===============================================================================
|    Register Name    |   Type    | Width | Bus | MB | AR | AS | SR | SS | ST |
===============================================================================
|   start_read_reg    | Flip-flop |   1   |  N  | N  | Y  | N  | N  | N  | N  |
===============================================================================

Inferred memory devices in process
        in routine Program line 178 in file
                '../01_RTL/Program.sv'.
===============================================================================
|    Register Name    |   Type    | Width | Bus | MB | AR | AS | SR | SS | ST |
===============================================================================
|    wait_resp_reg    | Flip-flop |   1   |  N  | N  | Y  | N  | N  | N  | N  |
===============================================================================

Inferred memory devices in process
        in routine Program line 190 in file
                '../01_RTL/Program.sv'.
===============================================================================
|    Register Name    |   Type    | Width | Bus | MB | AR | AS | SR | SS | ST |
===============================================================================
|   r_shake_reg_reg   | Flip-flop |   1   |  N  | N  | Y  | N  | N  | N  | N  |
===============================================================================

Inferred memory devices in process
        in routine Program line 199 in file
                '../01_RTL/Program.sv'.
===============================================================================
|    Register Name    |   Type    | Width | Bus | MB | AR | AS | SR | SS | ST |
===============================================================================
| read_dram_done_reg  | Flip-flop |   1   |  N  | N  | Y  | N  | N  | N  | N  |
===============================================================================

Inferred memory devices in process
        in routine Program line 215 in file
                '../01_RTL/Program.sv'.
===============================================================================
|    Register Name    |   Type    | Width | Bus | MB | AR | AS | SR | SS | ST |
===============================================================================
|  inf.AR_VALID_reg   | Flip-flop |   1   |  N  | N  | Y  | N  | N  | N  | N  |
===============================================================================

Inferred memory devices in process
        in routine Program line 227 in file
                '../01_RTL/Program.sv'.
===============================================================================
|    Register Name    |   Type    | Width | Bus | MB | AR | AS | SR | SS | ST |
===============================================================================
|   inf.AR_ADDR_reg   | Flip-flop |  17   |  Y  | N  | Y  | N  | N  | N  | N  |
===============================================================================

Inferred memory devices in process
        in routine Program line 237 in file
                '../01_RTL/Program.sv'.
===============================================================================
|    Register Name    |   Type    | Width | Bus | MB | AR | AS | SR | SS | ST |
===============================================================================
|   inf.R_READY_reg   | Flip-flop |   1   |  N  | N  | Y  | N  | N  | N  | N  |
===============================================================================

Inferred memory devices in process
        in routine Program line 250 in file
                '../01_RTL/Program.sv'.
===============================================================================
|    Register Name    |   Type    | Width | Bus | MB | AR | AS | SR | SS | ST |
===============================================================================
|  inf.AW_VALID_reg   | Flip-flop |   1   |  N  | N  | Y  | N  | N  | N  | N  |
===============================================================================

Inferred memory devices in process
        in routine Program line 262 in file
                '../01_RTL/Program.sv'.
===============================================================================
|    Register Name    |   Type    | Width | Bus | MB | AR | AS | SR | SS | ST |
===============================================================================
|   inf.AW_ADDR_reg   | Flip-flop |  17   |  Y  | N  | Y  | N  | N  | N  | N  |
===============================================================================

Inferred memory devices in process
        in routine Program line 272 in file
                '../01_RTL/Program.sv'.
===============================================================================
|    Register Name    |   Type    | Width | Bus | MB | AR | AS | SR | SS | ST |
===============================================================================
|   inf.W_VALID_reg   | Flip-flop |   1   |  N  | N  | Y  | N  | N  | N  | N  |
===============================================================================

Inferred memory devices in process
        in routine Program line 284 in file
                '../01_RTL/Program.sv'.
===============================================================================
|    Register Name    |   Type    | Width | Bus | MB | AR | AS | SR | SS | ST |
===============================================================================
|   inf.W_DATA_reg    | Flip-flop |  64   |  Y  | N  | Y  | N  | N  | N  | N  |
===============================================================================

Inferred memory devices in process
        in routine Program line 294 in file
                '../01_RTL/Program.sv'.
===============================================================================
|    Register Name    |   Type    | Width | Bus | MB | AR | AS | SR | SS | ST |
===============================================================================
|   inf.B_READY_reg   | Flip-flop |   1   |  N  | N  | Y  | N  | N  | N  | N  |
===============================================================================

Inferred memory devices in process
        in routine Program line 309 in file
                '../01_RTL/Program.sv'.
===============================================================================
|    Register Name    |   Type    | Width | Bus | MB | AR | AS | SR | SS | ST |
===============================================================================
|   dram_buffer_reg   | Flip-flop |  57   |  Y  | N  | Y  | N  | N  | N  | N  |
===============================================================================

Inferred memory devices in process
        in routine Program line 329 in file
                '../01_RTL/Program.sv'.
===============================================================================
|    Register Name    |   Type    | Width | Bus | MB | AR | AS | SR | SS | ST |
===============================================================================
|   new_index_A_reg   | Flip-flop |  14   |  Y  | N  | N  | N  | N  | N  | N  |
|   new_index_B_reg   | Flip-flop |  14   |  Y  | N  | N  | N  | N  | N  | N  |
|   new_index_C_reg   | Flip-flop |  14   |  Y  | N  | N  | N  | N  | N  | N  |
|   new_index_D_reg   | Flip-flop |  14   |  Y  | N  | N  | N  | N  | N  | N  |
===============================================================================

Inferred memory devices in process
        in routine Program line 346 in file
                '../01_RTL/Program.sv'.
===============================================================================
|    Register Name    |   Type    | Width | Bus | MB | AR | AS | SR | SS | ST |
===============================================================================
|    add_in_2_reg     | Flip-flop |  14   |  Y  | N  | Y  | N  | N  | N  | N  |
|    add_in_1_reg     | Flip-flop |  12   |  Y  | N  | Y  | N  | N  | N  | N  |
===============================================================================

Inferred memory devices in process
        in routine Program line 433 in file
                '../01_RTL/Program.sv'.
===============================================================================
|    Register Name    |   Type    | Width | Bus | MB | AR | AS | SR | SS | ST |
===============================================================================
|   add_out_reg_reg   | Flip-flop |  14   |  Y  | N  | Y  | N  | N  | N  | N  |
===============================================================================

Inferred memory devices in process
        in routine Program line 445 in file
                '../01_RTL/Program.sv'.
===============================================================================
|    Register Name    |   Type    | Width | Bus | MB | AR | AS | SR | SS | ST |
===============================================================================
| start_sort_reg_reg  | Flip-flop |   1   |  N  | N  | Y  | N  | N  | N  | N  |
===============================================================================

Inferred memory devices in process
        in routine Program line 457 in file
                '../01_RTL/Program.sv'.
===============================================================================
|    Register Name    |   Type    | Width | Bus | MB | AR | AS | SR | SS | ST |
===============================================================================
|   sort_count_reg    | Flip-flop |   3   |  Y  | N  | Y  | N  | N  | N  | N  |
===============================================================================

Inferred memory devices in process
        in routine Program line 471 in file
                '../01_RTL/Program.sv'.
===============================================================================
|    Register Name    |   Type    | Width | Bus | MB | AR | AS | SR | SS | ST |
===============================================================================
|   in1_gt_in2_reg    | Flip-flop |   1   |  N  | N  | N  | N  | N  | N  | N  |
|   in3_gt_in4_reg    | Flip-flop |   1   |  N  | N  | N  | N  | N  | N  | N  |
===============================================================================

Inferred memory devices in process
        in routine Program line 476 in file
                '../01_RTL/Program.sv'.
===============================================================================
|    Register Name    |   Type    | Width | Bus | MB | AR | AS | SR | SS | ST |
===============================================================================
|    sort_in4_reg     | Flip-flop |  12   |  Y  | N  | N  | N  | N  | N  | N  |
|    sort_in1_reg     | Flip-flop |  12   |  Y  | N  | N  | N  | N  | N  | N  |
|    sort_in2_reg     | Flip-flop |  12   |  Y  | N  | N  | N  | N  | N  | N  |
|    sort_in3_reg     | Flip-flop |  12   |  Y  | N  | N  | N  | N  | N  | N  |
===============================================================================

Inferred memory devices in process
        in routine Program line 498 in file
                '../01_RTL/Program.sv'.
===============================================================================
|    Register Name    |   Type    | Width | Bus | MB | AR | AS | SR | SS | ST |
===============================================================================
|  diff_max_min_reg   | Flip-flop |  12   |  Y  | N  | N  | N  | N  | N  | N  |
===============================================================================

Inferred memory devices in process
        in routine Program line 503 in file
                '../01_RTL/Program.sv'.
===============================================================================
|    Register Name    |   Type    | Width | Bus | MB | AR | AS | SR | SS | ST |
===============================================================================
|  diff_index_a_reg   | Flip-flop |  13   |  Y  | N  | N  | N  | N  | N  | N  |
|  diff_index_b_reg   | Flip-flop |  13   |  Y  | N  | N  | N  | N  | N  | N  |
|  diff_index_c_reg   | Flip-flop |  13   |  Y  | N  | N  | N  | N  | N  | N  |
|  diff_index_d_reg   | Flip-flop |  13   |  Y  | N  | N  | N  | N  | N  | N  |
===============================================================================

Inferred memory devices in process
        in routine Program line 510 in file
                '../01_RTL/Program.sv'.
===============================================================================
|    Register Name    |   Type    | Width | Bus | MB | AR | AS | SR | SS | ST |
===============================================================================
|       G_A_reg       | Flip-flop |  12   |  Y  | N  | N  | N  | N  | N  | N  |
|       G_B_reg       | Flip-flop |  12   |  Y  | N  | N  | N  | N  | N  | N  |
|       G_C_reg       | Flip-flop |  12   |  Y  | N  | N  | N  | N  | N  | N  |
|       G_D_reg       | Flip-flop |  12   |  Y  | N  | N  | N  | N  | N  | N  |
===============================================================================

Inferred memory devices in process
        in routine Program line 517 in file
                '../01_RTL/Program.sv'.
===============================================================================
|    Register Name    |   Type    | Width | Bus | MB | AR | AS | SR | SS | ST |
===============================================================================
| formula_result_reg  | Flip-flop |  12   |  Y  | N  | N  | N  | N  | N  | N  |
===============================================================================

Inferred memory devices in process
        in routine Program line 532 in file
                '../01_RTL/Program.sv'.
===============================================================================
|    Register Name    |   Type    | Width | Bus | MB | AR | AS | SR | SS | ST |
===============================================================================
| Threshold_value_reg | Flip-flop |  12   |  Y  | N  | N  | N  | N  | N  | N  |
===============================================================================

Inferred memory devices in process
        in routine Program line 560 in file
                '../01_RTL/Program.sv'.
===============================================================================
|    Register Name    |   Type    | Width | Bus | MB | AR | AS | SR | SS | ST |
===============================================================================
|   risk_result_reg   | Flip-flop |   1   |  N  | N  | Y  | N  | N  | N  | N  |
===============================================================================

Inferred memory devices in process
        in routine Program line 572 in file
                '../01_RTL/Program.sv'.
===============================================================================
|    Register Name    |   Type    | Width | Bus | MB | AR | AS | SR | SS | ST |
===============================================================================
|   index_count_reg   | Flip-flop |   3   |  Y  | N  | Y  | N  | N  | N  | N  |
===============================================================================

Inferred memory devices in process
        in routine Program line 584 in file
                '../01_RTL/Program.sv'.
===============================================================================
|    Register Name    |   Type    | Width | Bus | MB | AR | AS | SR | SS | ST |
===============================================================================
|  formula_count_reg  | Flip-flop |   4   |  Y  | N  | Y  | N  | N  | N  | N  |
===============================================================================

Inferred memory devices in process
        in routine Program line 596 in file
                '../01_RTL/Program.sv'.
===============================================================================
|    Register Name    |   Type    | Width | Bus | MB | AR | AS | SR | SS | ST |
===============================================================================
|  update_count_reg   | Flip-flop |   1   |  N  | N  | Y  | N  | N  | N  | N  |
===============================================================================

Inferred memory devices in process
        in routine Program line 625 in file
                '../01_RTL/Program.sv'.
===============================================================================
|    Register Name    |   Type    | Width | Bus | MB | AR | AS | SR | SS | ST |
===============================================================================
|  inf.out_valid_reg  | Flip-flop |   1   |  N  | N  | Y  | N  | N  | N  | N  |
===============================================================================

Inferred memory devices in process
        in routine Program line 637 in file
                '../01_RTL/Program.sv'.
===============================================================================
|    Register Name    |   Type    | Width | Bus | MB | AR | AS | SR | SS | ST |
===============================================================================
|  inf.warn_msg_reg   | Flip-flop |   2   |  Y  | N  | Y  | N  | N  | N  | N  |
===============================================================================

Inferred memory devices in process
        in routine Program line 660 in file
                '../01_RTL/Program.sv'.
===============================================================================
|    Register Name    |   Type    | Width | Bus | MB | AR | AS | SR | SS | ST |
===============================================================================
|  inf.complete_reg   | Flip-flop |   1   |  N  | N  | Y  | N  | N  | N  | N  |
===============================================================================
Presto compilation completed successfully. (Program)
Elaborated 1 design.
Current design is now 'Program'.
Information: Building the design 'adder'. (HDL-193)
Presto compilation completed successfully. (adder)
1
# (B-2) read_sverilog
#read_sverilog $DESIGN\.v
# (B-3) set current design
current_design $DESIGN
Current design is 'Program'.
{Program}
link

  Linking design 'Program'
  Using the following designs and libraries:
  --------------------------------------------------------------------------
  * (2 designs)               /RAID2/COURSE/iclab/iclab055/Lab09/Exercise/02_SYN/Program.db, etc
  fsa0m_a_generic_core_ss1p62v125c (library) /RAID2/COURSE/iclab/iclabTA01/UMC018_CBDK/CIC/SynopsysDC/db/fsa0m_a_generic_core_ss1p62v125c.db
  fsa0m_a_generic_core_ff1p98vm40c (library) /RAID2/COURSE/iclab/iclabTA01/UMC018_CBDK/CIC/SynopsysDC/db/fsa0m_a_generic_core_ff1p98vm40c.db
  fsa0m_a_t33_generic_io_ss1p62v125c (library) /RAID2/COURSE/iclab/iclabTA01/UMC018_CBDK/CIC/SynopsysDC/db/fsa0m_a_t33_generic_io_ss1p62v125c.db
  fsa0m_a_t33_generic_io_tt1p8v25c (library) /RAID2/COURSE/iclab/iclabTA01/UMC018_CBDK/CIC/SynopsysDC/db/fsa0m_a_t33_generic_io_tt1p8v25c.db
  dw_foundation.sldb (library) /usr/cad/synopsys/synthesis/cur/libraries/syn/dw_foundation.sldb

1
#======================================================
#  (C) Global Setting
#======================================================
set_wire_load_mode top
1
set_operating_conditions -max WCCOM -min BCCOM
Using operating conditions 'WCCOM' found in library 'fsa0m_a_generic_core_ss1p62v125c'.
Using operating conditions 'BCCOM' found in library 'fsa0m_a_generic_core_ff1p98vm40c'.
1
# set_wire_load_model -name umc18_wl10 -library slow
#======================================================
#  (D) Set Design Constraints
#======================================================
# (D-1) Setting Clock Constraints
create_clock -name clk -period $CYCLE [get_ports clk] 
1
set_dont_touch_network             [get_clocks clk]
1
set_fix_hold                       [get_clocks clk]
1
set_clock_uncertainty       0.1    [get_clocks clk]
1
# set_clock_latency   -source 0      [get_clocks clk]
# set_clock_latency           1      [get_clocks clk] 
set_input_transition        0.5    [all_inputs] 
1
set_clock_transition        0.1    [all_clocks] 
1
# (D-2) Setting in/out Constraints
set_input_delay   -max  $INPUT_DLY  -clock clk   [all_inputs] ;  # set_up time check 
1
set_input_delay   -min  0           -clock clk   [all_inputs] ;  # hold   time check 
1
set_output_delay  -max  $OUTPUT_DLY -clock clk   [all_outputs] ; # set_up time check 
1
set_output_delay  -min  0           -clock clk   [all_outputs] ; # hold   time check 
1
set_input_delay 0 -clock clk clk
1
set_input_delay 0 -clock clk inf.rst_n
1
#set_max_delay $CYCLE -from [all_inputs] -to [all_outputs]
# (D-3) Setting Design Environment
# set_driving_cell -library umc18io3v5v_slow -lib_cell P2C    -pin {Y}  [get_ports clk]
# set_driving_cell -library umc18io3v5v_slow -lib_cell P2C    -pin {Y}  [remove_from_collection [all_inputs] [get_ports clk]]
# set_load  [load_of "umc18io3v5v_slow/P8C/A"]       [all_outputs] ; # ~= 0.038
set_load 0.05 [all_outputs]
1
# (D-4) Setting DRC Constraint
#set_max_delay           0     ; # Optimize delay max effort                 
#set_max_area            0      ; # Optimize area max effort           
set_max_transition      3       [all_inputs]   ; # U18 LUT Max Transition Value  
1
set_max_capacitance     0.15    [all_inputs]   ; # U18 LUT Max Capacitance Value
1
set_max_fanout          10      [all_inputs]
1
# set_dont_use slow/JKFF*
#set_dont_touch [get_cells core_reg_macro]
#set hdlin_ff_always_sync_set_reset true
# (D-5) Report Clock skew
report_clock -skew clk
Information: Checking out the license 'DesignWare'. (SEC-104)
Information: Updating design information... (UID-85)
Warning: Design 'Program' contains 1 high-fanout nets. A fanout number of 1000 will be used for delay calculations involving these nets. (TIM-134)
 
****************************************
Report : clock_skew
Design : Program
Version: T-2022.03
Date   : Wed Nov 27 01:34:36 2024
****************************************

                 Rise      Fall  Min Rise  Min fall        Uncertainty
Object          Delay     Delay     Delay     Delay     Plus      Minus
--------------------------------------------------------------------------------
clk                 -         -         -         -      0.10      0.10

                 Max Transition      Min Transition
Object           Rise      Fall      Rise      Fall
-------------------------------------------------------
clk              0.10      0.10      0.10      0.10
1
check_timing

Information: Checking generated_clocks...

Information: Checking loops...

Information: Checking no_input_delay...

Information: Checking unconstrained_endpoints...

Information: Checking pulse_clock_cell_type...

Information: Checking no_driving_cell...

Information: Checking partial_input_delay...
1
#======================================================
#  (E) Optimization
#======================================================
check_design > Report/$DESIGN\.check
set_fix_multiple_port_nets -all -buffer_constants [get_designs *]
1
set_fix_hold [all_clocks]
1
compile_ultra
Information: Performing power optimization. (PWR-850)
Alib files are up-to-date.
Information: Running optimization using a maximum of 8 cores. (OPT-1500)
Information: Evaluating DesignWare library utilization. (UISN-27)

============================================================================
| DesignWare Building Block Library  |         Version         | Available |
============================================================================
| Basic DW Building Blocks           | S-2021.06-DWBB_202106.0 |     *     |
| Licensed DW Building Blocks        | S-2021.06-DWBB_202106.0 |     *     |
============================================================================

====================================================================================================
| Flow Information                                                                                 |
----------------------------------------------------------------------------------------------------
| Flow         | Design Compiler NXT WLM                                                           |
| Comand line  | compile_ultra                                                                     |
====================================================================================================
| Design Information                                      | Value                                  |
====================================================================================================
| Number of Scenarios                                     | 0                                      |
| Leaf Cell Count                                         | 1263                                   |
| Number of User Hierarchies                              | 1                                      |
| Sequential Cell Count                                   | 536                                    |
| Macro Count                                             | 0                                      |
| Number of Power Domains                                 | 0                                      |
| Number of Path Groups                                   | 2                                      |
| Number of VT class                                      | 0                                      |
| Number of Clocks                                        | 1                                      |
| Number of Dont Touch cells                              | 265                                    |
| Number of Dont Touch nets                               | 1                                      |
| Number of size only cells                               | 0                                      |
| Design with UPF Data                                    | false                                  |
----------------------------------------------------------------------------------------------------
| Variables                                               | Value                                  |
----------------------------------------------------------------------------------------------------
| set_fix_multiple_port_nets                              | -all -buffer_constants                 |
====================================================================================================
Information: Sequential output inversion is enabled.  SVF file must be used for formal verification. (OPT-1208)

Information: There are 81 potential problems in your design. Please run 'check_design' for more information. (LINT-99)

  Simplifying Design 'Program'

  Loading target library 'fsa0m_a_generic_core_ff1p98vm40c'
  Loading target library 'fsa0m_a_t33_generic_io_ss1p62v125c'
  Loading target library 'fsa0m_a_t33_generic_io_tt1p8v25c'
Loaded alib file './alib-52/fsa0m_a_generic_core_ss1p62v125c.db.alib'
Loaded alib file './alib-52/fsa0m_a_generic_core_ff1p98vm40c.db.alib'
Loaded alib file './alib-52/fsa0m_a_t33_generic_io_ss1p62v125c.db.alib' (placeholder)
Loaded alib file './alib-52/fsa0m_a_t33_generic_io_tt1p8v25c.db.alib' (placeholder)
Warning: Operating condition WCCOM set on design Program has different process,
voltage and temperatures parameters than the parameters at which target library 
fsa0m_a_generic_core_ff1p98vm40c is characterized. Delays may be inaccurate as a result. (OPT-998)
  Building model 'DW01_NAND2'
Information: Ungrouping hierarchy adder_inst before Pass 1 (OPT-776)
Information: Ungrouping 1 of 2 hierarchies before Pass 1 (OPT-775)
Information: State dependent leakage is now switched from on to off.

  Beginning Pass 1 Mapping
  ------------------------
  Processing 'Program'
Information: Added key list 'DesignWare' to design 'Program'. (DDB-72)
Information: The register 'Threshold_value_reg[11]' is a constant and will be removed. (OPT-1206)
Information: The register 'inf.AR_ADDR_reg[1]' is a constant and will be removed. (OPT-1206)
Information: The register 'inf.AR_ADDR_reg[2]' is a constant and will be removed. (OPT-1206)
Information: The register 'inf.AR_ADDR_reg[11]' is a constant and will be removed. (OPT-1206)
Information: The register 'inf.AR_ADDR_reg[12]' is a constant and will be removed. (OPT-1206)
Information: The register 'inf.AR_ADDR_reg[13]' is a constant and will be removed. (OPT-1206)
Information: The register 'inf.AR_ADDR_reg[14]' is a constant and will be removed. (OPT-1206)
Information: The register 'inf.AR_ADDR_reg[15]' is a constant and will be removed. (OPT-1206)
Information: The register 'inf.AR_ADDR_reg[0]' is a constant and will be removed. (OPT-1206)
Information: The register 'inf.AW_ADDR_reg[1]' is a constant and will be removed. (OPT-1206)
Information: The register 'inf.AW_ADDR_reg[2]' is a constant and will be removed. (OPT-1206)
Information: The register 'inf.AW_ADDR_reg[11]' is a constant and will be removed. (OPT-1206)
Information: The register 'inf.AW_ADDR_reg[12]' is a constant and will be removed. (OPT-1206)
Information: The register 'inf.AW_ADDR_reg[13]' is a constant and will be removed. (OPT-1206)
Information: The register 'inf.AW_ADDR_reg[14]' is a constant and will be removed. (OPT-1206)
Information: The register 'inf.AW_ADDR_reg[15]' is a constant and will be removed. (OPT-1206)
Information: The register 'inf.AW_ADDR_reg[0]' is a constant and will be removed. (OPT-1206)
Information: The register 'inf.W_DATA_reg[5]' is a constant and will be removed. (OPT-1206)
Information: The register 'inf.W_DATA_reg[6]' is a constant and will be removed. (OPT-1206)
Information: The register 'inf.W_DATA_reg[7]' is a constant and will be removed. (OPT-1206)
Information: The register 'inf.W_DATA_reg[36]' is a constant and will be removed. (OPT-1206)
Information: The register 'inf.W_DATA_reg[37]' is a constant and will be removed. (OPT-1206)
Information: The register 'inf.W_DATA_reg[38]' is a constant and will be removed. (OPT-1206)
Information: The register 'inf.W_DATA_reg[39]' is a constant and will be removed. (OPT-1206)
Information: In design 'Program', the register 'Threshold_value_reg[3]' is removed because it is merged to 'Threshold_value_reg[6]'. (OPT-1215)
Information: In design 'Program', the register 'inf.AW_ADDR_reg[3]' is removed because it is merged to 'inf.AR_ADDR_reg[3]'. (OPT-1215)
Information: In design 'Program', the register 'inf.AW_ADDR_reg[4]' is removed because it is merged to 'inf.AR_ADDR_reg[4]'. (OPT-1215)
Information: In design 'Program', the register 'inf.AW_ADDR_reg[5]' is removed because it is merged to 'inf.AR_ADDR_reg[5]'. (OPT-1215)
Information: In design 'Program', the register 'inf.AW_ADDR_reg[6]' is removed because it is merged to 'inf.AR_ADDR_reg[6]'. (OPT-1215)
Information: In design 'Program', the register 'inf.AW_ADDR_reg[7]' is removed because it is merged to 'inf.AR_ADDR_reg[7]'. (OPT-1215)
Information: In design 'Program', the register 'inf.AW_ADDR_reg[8]' is removed because it is merged to 'inf.AR_ADDR_reg[8]'. (OPT-1215)
Information: In design 'Program', the register 'inf.AW_ADDR_reg[9]' is removed because it is merged to 'inf.AR_ADDR_reg[9]'. (OPT-1215)
Information: In design 'Program', the register 'inf.AW_ADDR_reg[10]' is removed because it is merged to 'inf.AR_ADDR_reg[10]'. (OPT-1215)
Information: In design 'Program', the register 'inf.AW_ADDR_reg[16]' is removed because it is merged to 'inf.AR_ADDR_reg[16]'. (OPT-1215)
 Implement Synthetic for 'Program'.

  Updating timing information
Information: Updating design information... (UID-85)
Information: The library cell 'TIE1' in the library 'fsa0m_a_generic_core_ss1p62v125c' is not characterized for internal power. (PWR-536)
Information: The library cell 'TIE0' in the library 'fsa0m_a_generic_core_ss1p62v125c' is not characterized for internal power. (PWR-536)
Information: The library cell 'BHD1' in the library 'fsa0m_a_generic_core_ss1p62v125c' is not characterized for internal power. (PWR-536)
Information: The target library(s) contains cell(s), other than black boxes, that are not characterized for internal power. (PWR-24)

  Beginning Mapping Optimizations  (Ultra High effort)
  -------------------------------
  Mapping Optimization (Phase 1)

                                  TOTAL                                                            
   ELAPSED            WORST NEG   SETUP    DESIGN                              LEAKAGE   MIN DELAY 
    TIME      AREA      SLACK     COST    RULE COST         ENDPOINT            POWER      COST    
  --------- --------- --------- --------- --------- ------------------------- --------- -----------
    0:00:34  117430.0      0.24      14.2     211.0                           8767084.0000      0.00  
    0:00:34  115692.6      0.45      37.2     211.0                           8649261.0000      0.00  

  Beginning Constant Register Removal
  -----------------------------------
Information: In design 'Program', the register 'new_index_D_reg[0]' is removed because it is merged to 'diff_index_d_reg[0]'. (OPT-1215)
Information: In design 'Program', the register 'new_index_C_reg[0]' is removed because it is merged to 'diff_index_c_reg[0]'. (OPT-1215)
Information: In design 'Program', the register 'new_index_B_reg[0]' is removed because it is merged to 'diff_index_b_reg[0]'. (OPT-1215)
Information: In design 'Program', the register 'new_index_A_reg[0]' is removed because it is merged to 'diff_index_a_reg[0]'. (OPT-1215)
    0:00:34  115845.7      0.39      34.6       0.0                           8676454.0000      0.00  
    0:00:34  115845.7      0.39      34.6       0.0                           8676454.0000      0.00  

  Beginning Global Optimizations
  ------------------------------
  Numerical Synthesis (Phase 1)
  Numerical Synthesis (Phase 2)
  Global Optimization (Phase 1)
  Global Optimization (Phase 2)
  Global Optimization (Phase 3)
  Global Optimization (Phase 4)
  Global Optimization (Phase 5)
  Global Optimization (Phase 6)
  Global Optimization (Phase 7)
  Global Optimization (Phase 8)
  Global Optimization (Phase 9)
  Global Optimization (Phase 10)
  Global Optimization (Phase 11)
  Global Optimization (Phase 12)
  Global Optimization (Phase 13)
  Global Optimization (Phase 14)
  Global Optimization (Phase 15)
  Global Optimization (Phase 16)
  Global Optimization (Phase 17)
  Global Optimization (Phase 18)
  Global Optimization (Phase 19)
  Global Optimization (Phase 20)
  Global Optimization (Phase 21)
  Global Optimization (Phase 22)
  Global Optimization (Phase 23)
  Global Optimization (Phase 24)
  Global Optimization (Phase 25)
  Global Optimization (Phase 26)
  Global Optimization (Phase 27)
  Global Optimization (Phase 28)
  Global Optimization (Phase 29)
  Global Optimization (Phase 30)
  Global Optimization (Phase 31)

  Beginning Isolate Ports
  -----------------------

  Beginning Delay Optimization
  ----------------------------
    0:00:35   65889.5      0.36      30.4       0.0                           4227900.0000      0.00  
    0:00:36   67989.4      0.00       0.0      41.9                           4378780.0000      0.00  
    0:00:36   67989.4      0.00       0.0      41.9                           4378780.0000      0.00  
    0:00:36   67958.2      0.00       0.0      41.9                           4383303.5000      0.00  
    0:00:36   67948.8      0.00       0.0      41.9                           4383303.5000      0.00  
    0:00:36   67920.7      0.00       0.0      41.9                           4381991.0000      0.00  

  Beginning WLM Backend Optimization
  --------------------------------------
    0:00:37   67248.8      0.00       0.0      39.2                           4324402.5000      0.00  
    0:00:37   67248.8      0.00       0.0      39.2                           4324402.5000      0.00  
    0:00:37   67248.8      0.00       0.0      39.2                           4324402.5000      0.00  
    0:00:37   66564.5      0.00       0.0      39.2                           4277051.5000      0.00  
    0:00:37   66564.5      0.00       0.0      39.2                           4277051.5000      0.00  
    0:00:37   66564.5      0.00       0.0      39.2                           4277051.5000      0.00  
    0:00:37   66564.5      0.00       0.0      39.2                           4277051.5000      0.00  
    0:00:37   66561.4      0.00       0.0      39.2                           4276534.5000      0.00  
    0:00:37   66561.4      0.00       0.0      39.2                           4276534.5000      0.00  
    0:00:37   66561.4      0.00       0.0      39.2                           4276534.5000      0.00  
    0:00:37   66561.4      0.00       0.0      39.2                           4276534.5000      0.00  
    0:00:37   66561.4      0.00       0.0      39.2                           4276534.5000      0.00  
    0:00:37   66561.4      0.00       0.0      39.2                           4276534.5000      0.00  
    0:00:37   66561.4      0.00       0.0      39.2                           4276534.5000      0.00  
    0:00:37   66561.4      0.00       0.0      39.2                           4276534.5000      0.00  
    0:00:37   66561.4      0.00       0.0      39.2                           4276534.5000      0.00  
    0:00:37   66561.4      0.00       0.0      39.2                           4276534.5000      0.00  
    0:00:37   66561.4      0.00       0.0      39.2                           4276534.5000      0.00  
    0:00:37   66561.4      0.00       0.0      39.2                           4276534.5000      0.00  
    0:00:37   66561.4      0.00       0.0      39.2                           4276534.5000      0.00  
    0:00:37   66561.4      0.00       0.0      39.2                           4276534.5000      0.00  
    0:00:37   66561.4      0.00       0.0      39.2                           4276534.5000      0.00  


  Beginning Design Rule Fixing  (max_fanout)  (max_capacitance)
  ----------------------------

                                  TOTAL                                                            
   ELAPSED            WORST NEG   SETUP    DESIGN                              LEAKAGE   MIN DELAY 
    TIME      AREA      SLACK     COST    RULE COST         ENDPOINT            POWER      COST    
  --------- --------- --------- --------- --------- ------------------------- --------- -----------
    0:00:37   66561.4      0.00       0.0      39.2                           4276534.5000      0.00  
  Global Optimization (Phase 32)
  Global Optimization (Phase 33)
  Global Optimization (Phase 34)
    0:00:37   66592.6      0.00       0.0       0.0                           4279478.5000      0.00  
    0:00:37   66592.6      0.00       0.0       0.0                           4279478.5000      0.00  


  Beginning Leakage Power Optimization  (max_leakage_power 0)
  ------------------------------------

                                  TOTAL                                                            
   ELAPSED            WORST NEG   SETUP    DESIGN                              LEAKAGE   MIN DELAY 
    TIME      AREA      SLACK     COST    RULE COST         ENDPOINT            POWER      COST    
  --------- --------- --------- --------- --------- ------------------------- --------- -----------
    0:00:37   66592.6      0.00       0.0       0.0                           4279478.5000      0.00  
  Global Optimization (Phase 35)
  Global Optimization (Phase 36)
  Global Optimization (Phase 37)
  Global Optimization (Phase 38)
  Global Optimization (Phase 39)
  Global Optimization (Phase 40)
  Global Optimization (Phase 41)
  Global Optimization (Phase 42)
  Global Optimization (Phase 43)
  Global Optimization (Phase 44)
  Global Optimization (Phase 45)
  Global Optimization (Phase 46)
  Global Optimization (Phase 47)
  Global Optimization (Phase 48)
  Global Optimization (Phase 49)
    0:00:39   66205.1      0.01       0.5       0.0 add_in_1_reg[8]/D         4178590.7500      0.00  
    0:00:39   66467.6      0.00       0.0       0.0                           4198643.0000      0.00  
    0:00:39   66467.6      0.00       0.0       0.0                           4198643.0000      0.00  
    0:00:39   66467.6      0.00       0.0       0.0                           4198643.0000      0.00  
    0:00:40   65998.9      0.00       0.0       0.0                           4168991.2500      0.00  
    0:00:40   65998.9      0.00       0.0       0.0                           4168991.2500      0.00  
    0:00:40   65998.9      0.00       0.0       0.0                           4168991.2500      0.00  
    0:00:40   65998.9      0.00       0.0       0.0                           4168991.2500      0.00  
    0:00:40   65998.9      0.00       0.0       0.0                           4168991.2500      0.00  
    0:00:40   65998.9      0.00       0.0       0.0                           4168991.2500      0.00  
    0:00:40   65998.9      0.00       0.0       0.0                           4168991.2500      0.00  
    0:00:40   65998.9      0.00       0.0       0.0                           4168991.2500      0.00  
    0:00:40   65998.9      0.00       0.0       0.0                           4168991.2500      0.00  
    0:00:40   65998.9      0.00       0.0       0.0                           4168991.2500      0.00  
    0:00:40   65998.9      0.00       0.0       0.0                           4168991.2500      0.00  
    0:00:40   65998.9      0.00       0.0       0.0                           4168991.2500      0.00  
    0:00:40   65998.9      0.00       0.0       0.0                           4168991.2500      0.00  
    0:00:40   65998.9      0.00       0.0       0.0                           4168991.2500      0.00  
    0:00:40   65998.9      0.00       0.0       0.0                           4168991.2500      0.00  
    0:00:40   65998.9      0.00       0.0       0.0                           4168991.2500      0.00  
    0:00:40   65998.9      0.00       0.0       0.0                           4168991.2500      0.00  
    0:00:40   65998.9      0.00       0.0       0.0                           4168991.2500      0.00  
    0:00:40   65998.9      0.00       0.0       0.0                           4168991.2500      0.00  

                                  TOTAL                                                            
   ELAPSED            WORST NEG   SETUP    DESIGN                              LEAKAGE   MIN DELAY 
    TIME      AREA      SLACK     COST    RULE COST         ENDPOINT            POWER      COST    
  --------- --------- --------- --------- --------- ------------------------- --------- -----------
    0:00:40   66142.6      0.00       0.0       0.0                           4177910.7500      0.00  
    0:00:40   66039.5      0.00       0.0       0.0                           4171142.0000      0.00  
    0:00:40   66039.5      0.00       0.0       0.0                           4171142.0000      0.00  
    0:00:40   66039.5      0.00       0.0       0.0                           4171142.0000      0.00  
    0:00:40   65986.4      0.00       0.0       0.0                           4168682.0000      0.00  
    0:00:40   65795.8      0.00       0.0       0.0                           4152093.7500      0.00  
    0:00:40   65795.8      0.00       0.0       0.0                           4152093.7500      0.00  
    0:00:40   65795.8      0.00       0.0       0.0                           4152093.7500      0.00  
    0:00:40   65795.8      0.00       0.0       0.0                           4152093.7500      0.00  
    0:00:41   65795.8      0.00       0.0       0.0                           4152093.7500      0.00  
    0:00:41   65795.8      0.00       0.0       0.0                           4152093.7500      0.00  
    0:00:41   65339.6      0.00       0.0       0.0                           4104557.7500      0.00  
Loading db file '/RAID2/COURSE/iclab/iclabTA01/UMC018_CBDK/CIC/SynopsysDC/db/fsa0m_a_generic_core_ss1p62v125c.db'
Loading db file '/RAID2/COURSE/iclab/iclabTA01/UMC018_CBDK/CIC/SynopsysDC/db/fsa0m_a_generic_core_ff1p98vm40c.db'
Loading db file '/RAID2/COURSE/iclab/iclabTA01/UMC018_CBDK/CIC/SynopsysDC/db/fsa0m_a_t33_generic_io_ss1p62v125c.db'
Loading db file '/RAID2/COURSE/iclab/iclabTA01/UMC018_CBDK/CIC/SynopsysDC/db/fsa0m_a_t33_generic_io_tt1p8v25c.db'


Note: Symbol # after min delay cost means estimated hold TNS across all active scenarios 


  Optimization Complete
  ---------------------
  Loading target library 'fsa0m_a_generic_core_ff1p98vm40c'
  Loading target library 'fsa0m_a_t33_generic_io_ss1p62v125c'
  Loading target library 'fsa0m_a_t33_generic_io_tt1p8v25c'
Information: State dependent leakage is now switched from off to on.
Information: Propagating switching activity (low effort zero delay simulation). (PWR-6)
1
#uniquify
#compile
#======================================================
#  (F) Output Reports 
#======================================================
report_design  >  Report/$DESIGN\.design
report_resource >  Report/$DESIGN\.resource
report_timing -max_paths 3 >  Report/$DESIGN\.timing
report_area >  Report/$DESIGN\.area
report_power > Report/$DESIGN\.power
report_clock > Report/$DESIGN\.clock
report_port >  Report/$DESIGN\.port
report_power >  Report/$DESIGN\.power
#report_reference > Report/$DESIGN\.reference
#======================================================
#  (G) Change Naming Rule
#======================================================
set bus_inference_style "%s\[%d\]"
%s[%d]
set bus_naming_style "%s\[%d\]"
%s[%d]
set hdlout_internal_busses true
true
change_names -hierarchy -rule verilog
1
define_name_rules name_rule -allowed "a-z A-Z 0-9 _" -max_length 255 -type cell
1
define_name_rules name_rule -allowed "a-z A-Z 0-9 _[]" -max_length 255 -type net
1
define_name_rules name_rule -map {{"\\*cell\\*" "cell"}}
1
define_name_rules name_rule -case_insensitive
1
change_names -hierarchy -rules name_rule
1
#======================================================
#  (H) Output Results
#======================================================
set verilogout_higher_designs_first true
true
write -format verilog -output Netlist/$DESIGN\_SYN.v -hierarchy
Writing verilog file '/RAID2/COURSE/iclab/iclab055/Lab09/Exercise/02_SYN/Netlist/Program_SYN.v'.
1
write -format ddc     -hierarchy -output $DESIGN\_SYN.ddc
Writing ddc file 'Program_SYN.ddc'.
1
write_sdf -version 3.0 -context verilog -load_delay cell Netlist/$DESIGN\_SYN.sdf -significant_digits 6
Information: Writing timing information to file '/RAID2/COURSE/iclab/iclab055/Lab09/Exercise/02_SYN/Netlist/Program_SYN.sdf'. (WT-3)
Information: Updating design information... (UID-85)
1
write_sdc Netlist/$DESIGN\_SYN.sdc
1
write -format svsim   -output Netlist/$DESIGN\_Wrapper.sv
Writing svsim file '/RAID2/COURSE/iclab/iclab055/Lab09/Exercise/02_SYN/Netlist/Program_Wrapper.sv'.
1
#======================================================
#  (I) Finish and Quit
#======================================================
report_area -designware -hierarchy
 
****************************************
Report : area
Design : Program
Version: T-2022.03
Date   : Wed Nov 27 01:35:21 2024
****************************************

Library(s) Used:

    fsa0m_a_generic_core_ss1p62v125c (File: /RAID2/COURSE/iclab/iclabTA01/UMC018_CBDK/CIC/SynopsysDC/db/fsa0m_a_generic_core_ss1p62v125c.db)

Number of ports:                          260
Number of nets:                          3000
Number of cells:                         2901
Number of combinational cells:           2403
Number of sequential cells:               498
Number of macros/black boxes:               0
Number of buf/inv:                        552
Number of references:                      99

Combinational area:              37078.876854
Buf/Inv area:                     5024.678377
Noncombinational area:           28260.691391
Macro/Black Box area:                0.000000
Net Interconnect area:      undefined  (Wire load has zero net area)

Total cell area:                 65339.568245
Total area:                 undefined

Hierarchical area distribution
------------------------------

                                  Global cell area            Local cell area
                                  -------------------  ------------------------------ 
Hierarchical cell                 Absolute    Percent  Combi-      Noncombi-   Black-
                                  Total       Total    national    national    boxes   Design
--------------------------------  ----------  -------  ----------  ----------  ------  ---------
Program                           65339.5682    100.0  37078.8769  28260.6914  0.0000  Program
--------------------------------  ----------  -------  ----------  ----------  ------  ---------
Total                                                  37078.8769  28260.6914  0.0000


Area of detected synthetic parts
--------------------------------
  No DW parts to report!

Estimated area of ungrouped synthetic parts
-------------------------------------------
                                       Estimated  Perc. of
  Module              Implem.  Count        Area cell area
  ------------------- -------  ----- ----------- ---------
  DP_OP_158J1_122_899     str      1    140.6160      0.2%
  DP_OP_159J1_123_899     str      1    140.6160      0.2%
  DW01_add             pparch      5  13602.6522     20.8%
  DW01_inc            apparch      3     53.1216      0.1%
  DW01_inc             pparch      4   4576.4629      7.0%
  DW01_sub             pparch      5  12974.2691     19.9%
  DW_cmp              apparch      9   1890.5041      2.9%
  ------------------- -------  ----- ----------- ---------
  DP_OP Subtotal:                  2    281.2320      0.4%
  Total:                          28  33378.2418     51.1%

Subtotal of datapath(DP_OP) cell area:  281.2320  0.4%  (estimated)
Total synthetic cell area:              33378.2418  51.1%  (estimated)

1
report_timing 
 
****************************************
Report : timing
        -path full
        -delay max
        -max_paths 1
Design : Program
Version: T-2022.03
Date   : Wed Nov 27 01:35:21 2024
****************************************

Operating Conditions: WCCOM   Library: fsa0m_a_generic_core_ss1p62v125c
Wire Load Model Mode: top

  Startpoint: read_dram_done_reg
              (rising edge-triggered flip-flop clocked by clk)
  Endpoint: formula_count_reg_3_
            (rising edge-triggered flip-flop clocked by clk)
  Path Group: clk
  Path Type: max

  Des/Clust/Port     Wire Load Model       Library
  ------------------------------------------------
  Program            enG10K                fsa0m_a_generic_core_ss1p62v125c

  Point                                    Incr       Path
  -----------------------------------------------------------
  clock clk (rise edge)                    0.00       0.00
  clock network delay (ideal)              0.00       0.00
  read_dram_done_reg/CK (QDFFRBP)          0.00       0.00 r
  read_dram_done_reg/Q (QDFFRBP)           0.48       0.48 r
  U1441/O (INV1CK)                         0.14       0.61 f
  U2047/O (NR2P)                           0.17       0.78 r
  U2048/O (ND3HT)                          0.19       0.97 f
  U2058/O (INV1S)                          0.17       1.14 r
  U2059/O (ND3P)                           0.16       1.30 f
  U1247/O (NR2T)                           0.17       1.48 r
  U2062/O (INV3)                           0.08       1.55 f
  U2065/O (NR2P)                           0.12       1.67 r
  U2066/O (ND2P)                           0.06       1.74 f
  U2067/O (OAI12HS)                        0.09       1.83 r
  formula_count_reg_3_/D (QDFFRBT)         0.00       1.83 r
  data arrival time                                   1.83

  clock clk (rise edge)                    2.10       2.10
  clock network delay (ideal)              0.00       2.10
  clock uncertainty                       -0.10       2.00
  formula_count_reg_3_/CK (QDFFRBT)        0.00       2.00 r
  library setup time                      -0.17       1.83
  data required time                                  1.83
  -----------------------------------------------------------
  data required time                                  1.83
  data arrival time                                  -1.83
  -----------------------------------------------------------
  slack (MET)                                         0.00


1
exit

Memory usage for this session 441 Mbytes.
Memory usage for this session including child processes 780 Mbytes.
CPU usage for this session 62 seconds ( 0.02 hours ).
Elapsed time for this session 51 seconds ( 0.01 hours ).

Thank you...

